Calling target program-options parser
[02:26:31.109] [bmv2] [D] [thread 28487] Set default default entry for table 'MyIngress.ipv4_lpm': MyIngress.drop - 
Adding interface s1-eth1 as port 1
[02:26:31.109] [bmv2] [D] [thread 28487] Adding interface s1-eth1 as port 1
Adding interface s1-eth2 as port 2
[02:26:31.143] [bmv2] [D] [thread 28487] Adding interface s1-eth2 as port 2
Adding interface s1-eth3 as port 3
[02:26:31.169] [bmv2] [D] [thread 28487] Adding interface s1-eth3 as port 3
I0630 02:26:31.196533412   28487 server_builder.cc:247]      Synchronous server. Num CQs: 1, Min pollers: 1, Max Pollers: 2147483647, CQ timeout (msec): 1000
Server listening on 0.0.0.0:50051
[02:26:31.203] [bmv2] [I] [thread 28487] Starting Thrift server on port 9090
[02:26:31.203] [bmv2] [I] [thread 28487] Thrift server was started
[02:26:31.242] [bmv2] [D] [thread 28494] [0.0] [cxt 0] Processing packet received on port 3
[02:26:31.242] [bmv2] [D] [thread 28494] [0.0] [cxt 0] Parser 'parser': start
[02:26:31.242] [bmv2] [D] [thread 28494] [0.0] [cxt 0] Parser 'parser' entering state 'start'
[02:26:31.242] [bmv2] [D] [thread 28494] [0.0] [cxt 0] Extracting header 'ethernet'
[02:26:31.242] [bmv2] [D] [thread 28494] [0.0] [cxt 0] Parser state 'start': key is 86dd
[02:26:31.242] [bmv2] [T] [thread 28494] [0.0] [cxt 0] Bytes parsed: 14
[02:26:31.242] [bmv2] [D] [thread 28494] [0.0] [cxt 0] Parser 'parser': end
[02:26:31.242] [bmv2] [D] [thread 28494] [0.0] [cxt 0] Pipeline 'ingress': start
[02:26:31.242] [bmv2] [T] [thread 28494] [0.0] [cxt 0] main.p4(114) Condition "hdr.ipv4.isValid()" (node_2) is false
[02:26:31.242] [bmv2] [D] [thread 28494] [0.0] [cxt 0] Pipeline 'ingress': end
[02:26:31.242] [bmv2] [D] [thread 28494] [0.0] [cxt 0] Egress port is 0
[02:26:31.242] [bmv2] [D] [thread 28495] [0.0] [cxt 0] Pipeline 'egress': start
[02:26:31.242] [bmv2] [D] [thread 28495] [0.0] [cxt 0] Pipeline 'egress': end
[02:26:31.242] [bmv2] [D] [thread 28495] [0.0] [cxt 0] Deparser 'deparser': start
[02:26:31.242] [bmv2] [T] [thread 28495] [0.0] [cxt 0] Skipping checksum 'cksum' update because condition not met
[02:26:31.242] [bmv2] [D] [thread 28495] [0.0] [cxt 0] Deparsing header 'ethernet'
[02:26:31.242] [bmv2] [D] [thread 28495] [0.0] [cxt 0] Deparser 'deparser': end
[02:26:31.242] [bmv2] [D] [thread 28499] [0.0] [cxt 0] Transmitting packet of size 78 out of port 0
[02:26:31.310] [bmv2] [D] [thread 28494] [1.0] [cxt 0] Processing packet received on port 2
[02:26:31.310] [bmv2] [D] [thread 28494] [1.0] [cxt 0] Parser 'parser': start
[02:26:31.310] [bmv2] [D] [thread 28494] [1.0] [cxt 0] Parser 'parser' entering state 'start'
[02:26:31.310] [bmv2] [D] [thread 28494] [1.0] [cxt 0] Extracting header 'ethernet'
[02:26:31.310] [bmv2] [D] [thread 28494] [1.0] [cxt 0] Parser state 'start': key is 86dd
[02:26:31.310] [bmv2] [T] [thread 28494] [1.0] [cxt 0] Bytes parsed: 14
[02:26:31.310] [bmv2] [D] [thread 28494] [1.0] [cxt 0] Parser 'parser': end
[02:26:31.310] [bmv2] [D] [thread 28494] [1.0] [cxt 0] Pipeline 'ingress': start
[02:26:31.310] [bmv2] [T] [thread 28494] [1.0] [cxt 0] main.p4(114) Condition "hdr.ipv4.isValid()" (node_2) is false
[02:26:31.310] [bmv2] [D] [thread 28494] [1.0] [cxt 0] Pipeline 'ingress': end
[02:26:31.310] [bmv2] [D] [thread 28494] [1.0] [cxt 0] Egress port is 0
[02:26:31.310] [bmv2] [D] [thread 28495] [1.0] [cxt 0] Pipeline 'egress': start
[02:26:31.310] [bmv2] [D] [thread 28495] [1.0] [cxt 0] Pipeline 'egress': end
[02:26:31.310] [bmv2] [D] [thread 28495] [1.0] [cxt 0] Deparser 'deparser': start
[02:26:31.310] [bmv2] [T] [thread 28495] [1.0] [cxt 0] Skipping checksum 'cksum' update because condition not met
[02:26:31.310] [bmv2] [D] [thread 28495] [1.0] [cxt 0] Deparsing header 'ethernet'
[02:26:31.310] [bmv2] [D] [thread 28495] [1.0] [cxt 0] Deparser 'deparser': end
[02:26:31.310] [bmv2] [D] [thread 28499] [1.0] [cxt 0] Transmitting packet of size 78 out of port 0
[02:26:31.384] [bmv2] [D] [thread 28494] [2.0] [cxt 0] Processing packet received on port 2
[02:26:31.384] [bmv2] [D] [thread 28494] [2.0] [cxt 0] Parser 'parser': start
[02:26:31.384] [bmv2] [D] [thread 28494] [2.0] [cxt 0] Parser 'parser' entering state 'start'
[02:26:31.384] [bmv2] [D] [thread 28494] [2.0] [cxt 0] Extracting header 'ethernet'
[02:26:31.384] [bmv2] [D] [thread 28494] [2.0] [cxt 0] Parser state 'start': key is 86dd
[02:26:31.384] [bmv2] [T] [thread 28494] [2.0] [cxt 0] Bytes parsed: 14
[02:26:31.384] [bmv2] [D] [thread 28494] [2.0] [cxt 0] Parser 'parser': end
[02:26:31.384] [bmv2] [D] [thread 28494] [2.0] [cxt 0] Pipeline 'ingress': start
[02:26:31.384] [bmv2] [T] [thread 28494] [2.0] [cxt 0] main.p4(114) Condition "hdr.ipv4.isValid()" (node_2) is false
[02:26:31.384] [bmv2] [D] [thread 28494] [2.0] [cxt 0] Pipeline 'ingress': end
[02:26:31.384] [bmv2] [D] [thread 28494] [2.0] [cxt 0] Egress port is 0
[02:26:31.384] [bmv2] [D] [thread 28495] [2.0] [cxt 0] Pipeline 'egress': start
[02:26:31.384] [bmv2] [D] [thread 28495] [2.0] [cxt 0] Pipeline 'egress': end
[02:26:31.384] [bmv2] [D] [thread 28495] [2.0] [cxt 0] Deparser 'deparser': start
[02:26:31.384] [bmv2] [T] [thread 28495] [2.0] [cxt 0] Skipping checksum 'cksum' update because condition not met
[02:26:31.384] [bmv2] [D] [thread 28495] [2.0] [cxt 0] Deparsing header 'ethernet'
[02:26:31.384] [bmv2] [D] [thread 28495] [2.0] [cxt 0] Deparser 'deparser': end
[02:26:31.384] [bmv2] [D] [thread 28499] [2.0] [cxt 0] Transmitting packet of size 90 out of port 0
[02:26:31.815] [bmv2] [D] [thread 28494] [3.0] [cxt 0] Processing packet received on port 1
[02:26:31.816] [bmv2] [D] [thread 28494] [3.0] [cxt 0] Parser 'parser': start
[02:26:31.816] [bmv2] [D] [thread 28494] [3.0] [cxt 0] Parser 'parser' entering state 'start'
[02:26:31.816] [bmv2] [D] [thread 28494] [3.0] [cxt 0] Extracting header 'ethernet'
[02:26:31.816] [bmv2] [D] [thread 28494] [3.0] [cxt 0] Parser state 'start': key is 86dd
[02:26:31.816] [bmv2] [T] [thread 28494] [3.0] [cxt 0] Bytes parsed: 14
[02:26:31.816] [bmv2] [D] [thread 28494] [3.0] [cxt 0] Parser 'parser': end
[02:26:31.816] [bmv2] [D] [thread 28494] [3.0] [cxt 0] Pipeline 'ingress': start
[02:26:31.816] [bmv2] [T] [thread 28494] [3.0] [cxt 0] main.p4(114) Condition "hdr.ipv4.isValid()" (node_2) is false
[02:26:31.816] [bmv2] [D] [thread 28494] [3.0] [cxt 0] Pipeline 'ingress': end
[02:26:31.816] [bmv2] [D] [thread 28494] [3.0] [cxt 0] Egress port is 0
[02:26:31.816] [bmv2] [D] [thread 28495] [3.0] [cxt 0] Pipeline 'egress': start
[02:26:31.816] [bmv2] [D] [thread 28495] [3.0] [cxt 0] Pipeline 'egress': end
[02:26:31.816] [bmv2] [D] [thread 28495] [3.0] [cxt 0] Deparser 'deparser': start
[02:26:31.816] [bmv2] [T] [thread 28495] [3.0] [cxt 0] Skipping checksum 'cksum' update because condition not met
[02:26:31.816] [bmv2] [D] [thread 28495] [3.0] [cxt 0] Deparsing header 'ethernet'
[02:26:31.816] [bmv2] [D] [thread 28495] [3.0] [cxt 0] Deparser 'deparser': end
[02:26:31.816] [bmv2] [D] [thread 28499] [3.0] [cxt 0] Transmitting packet of size 90 out of port 0
[02:26:31.823] [bmv2] [D] [thread 28494] [4.0] [cxt 0] Processing packet received on port 1
[02:26:31.823] [bmv2] [D] [thread 28494] [4.0] [cxt 0] Parser 'parser': start
[02:26:31.823] [bmv2] [D] [thread 28494] [4.0] [cxt 0] Parser 'parser' entering state 'start'
[02:26:31.823] [bmv2] [D] [thread 28494] [4.0] [cxt 0] Extracting header 'ethernet'
[02:26:31.823] [bmv2] [D] [thread 28494] [4.0] [cxt 0] Parser state 'start': key is 86dd
[02:26:31.823] [bmv2] [T] [thread 28494] [4.0] [cxt 0] Bytes parsed: 14
[02:26:31.823] [bmv2] [D] [thread 28494] [4.0] [cxt 0] Parser 'parser': end
[02:26:31.823] [bmv2] [D] [thread 28494] [4.0] [cxt 0] Pipeline 'ingress': start
[02:26:31.823] [bmv2] [T] [thread 28494] [4.0] [cxt 0] main.p4(114) Condition "hdr.ipv4.isValid()" (node_2) is false
[02:26:31.823] [bmv2] [D] [thread 28494] [4.0] [cxt 0] Pipeline 'ingress': end
[02:26:31.823] [bmv2] [D] [thread 28494] [4.0] [cxt 0] Egress port is 0
[02:26:31.823] [bmv2] [D] [thread 28495] [4.0] [cxt 0] Pipeline 'egress': start
[02:26:31.823] [bmv2] [D] [thread 28495] [4.0] [cxt 0] Pipeline 'egress': end
[02:26:31.823] [bmv2] [D] [thread 28495] [4.0] [cxt 0] Deparser 'deparser': start
[02:26:31.823] [bmv2] [T] [thread 28495] [4.0] [cxt 0] Skipping checksum 'cksum' update because condition not met
[02:26:31.823] [bmv2] [D] [thread 28495] [4.0] [cxt 0] Deparsing header 'ethernet'
[02:26:31.823] [bmv2] [D] [thread 28495] [4.0] [cxt 0] Deparser 'deparser': end
[02:26:31.824] [bmv2] [D] [thread 28499] [4.0] [cxt 0] Transmitting packet of size 78 out of port 0
[02:26:31.883] [bmv2] [D] [thread 28494] [5.0] [cxt 0] Processing packet received on port 2
[02:26:31.883] [bmv2] [D] [thread 28494] [5.0] [cxt 0] Parser 'parser': start
[02:26:31.883] [bmv2] [D] [thread 28494] [5.0] [cxt 0] Parser 'parser' entering state 'start'
[02:26:31.883] [bmv2] [D] [thread 28494] [5.0] [cxt 0] Extracting header 'ethernet'
[02:26:31.883] [bmv2] [D] [thread 28494] [5.0] [cxt 0] Parser state 'start': key is 86dd
[02:26:31.884] [bmv2] [T] [thread 28494] [5.0] [cxt 0] Bytes parsed: 14
[02:26:31.884] [bmv2] [D] [thread 28494] [5.0] [cxt 0] Parser 'parser': end
[02:26:31.884] [bmv2] [D] [thread 28494] [5.0] [cxt 0] Pipeline 'ingress': start
[02:26:31.884] [bmv2] [T] [thread 28494] [5.0] [cxt 0] main.p4(114) Condition "hdr.ipv4.isValid()" (node_2) is false
[02:26:31.884] [bmv2] [D] [thread 28494] [5.0] [cxt 0] Pipeline 'ingress': end
[02:26:31.884] [bmv2] [D] [thread 28494] [5.0] [cxt 0] Egress port is 0
[02:26:31.884] [bmv2] [D] [thread 28495] [5.0] [cxt 0] Pipeline 'egress': start
[02:26:31.884] [bmv2] [D] [thread 28495] [5.0] [cxt 0] Pipeline 'egress': end
[02:26:31.884] [bmv2] [D] [thread 28495] [5.0] [cxt 0] Deparser 'deparser': start
[02:26:31.884] [bmv2] [T] [thread 28495] [5.0] [cxt 0] Skipping checksum 'cksum' update because condition not met
[02:26:31.884] [bmv2] [D] [thread 28495] [5.0] [cxt 0] Deparsing header 'ethernet'
[02:26:31.884] [bmv2] [D] [thread 28495] [5.0] [cxt 0] Deparser 'deparser': end
[02:26:31.884] [bmv2] [D] [thread 28499] [5.0] [cxt 0] Transmitting packet of size 78 out of port 0
[02:26:32.196] [bmv2] [D] [thread 28494] [6.0] [cxt 0] Processing packet received on port 3
[02:26:32.196] [bmv2] [D] [thread 28494] [6.0] [cxt 0] Parser 'parser': start
[02:26:32.196] [bmv2] [D] [thread 28494] [6.0] [cxt 0] Parser 'parser' entering state 'start'
[02:26:32.196] [bmv2] [D] [thread 28494] [6.0] [cxt 0] Extracting header 'ethernet'
[02:26:32.196] [bmv2] [D] [thread 28494] [6.0] [cxt 0] Parser state 'start': key is 86dd
[02:26:32.196] [bmv2] [T] [thread 28494] [6.0] [cxt 0] Bytes parsed: 14
[02:26:32.196] [bmv2] [D] [thread 28494] [6.0] [cxt 0] Parser 'parser': end
[02:26:32.196] [bmv2] [D] [thread 28494] [6.0] [cxt 0] Pipeline 'ingress': start
[02:26:32.196] [bmv2] [T] [thread 28494] [6.0] [cxt 0] main.p4(114) Condition "hdr.ipv4.isValid()" (node_2) is false
[02:26:32.196] [bmv2] [D] [thread 28494] [6.0] [cxt 0] Pipeline 'ingress': end
[02:26:32.196] [bmv2] [D] [thread 28494] [6.0] [cxt 0] Egress port is 0
[02:26:32.196] [bmv2] [D] [thread 28495] [6.0] [cxt 0] Pipeline 'egress': start
[02:26:32.196] [bmv2] [D] [thread 28495] [6.0] [cxt 0] Pipeline 'egress': end
[02:26:32.196] [bmv2] [D] [thread 28495] [6.0] [cxt 0] Deparser 'deparser': start
[02:26:32.196] [bmv2] [T] [thread 28495] [6.0] [cxt 0] Skipping checksum 'cksum' update because condition not met
[02:26:32.196] [bmv2] [D] [thread 28495] [6.0] [cxt 0] Deparsing header 'ethernet'
[02:26:32.196] [bmv2] [D] [thread 28495] [6.0] [cxt 0] Deparser 'deparser': end
[02:26:32.196] [bmv2] [D] [thread 28499] [6.0] [cxt 0] Transmitting packet of size 90 out of port 0
[02:26:32.196] [bmv2] [D] [thread 28494] [7.0] [cxt 0] Processing packet received on port 3
[02:26:32.196] [bmv2] [D] [thread 28494] [7.0] [cxt 0] Parser 'parser': start
[02:26:32.196] [bmv2] [D] [thread 28494] [7.0] [cxt 0] Parser 'parser' entering state 'start'
[02:26:32.196] [bmv2] [D] [thread 28494] [7.0] [cxt 0] Extracting header 'ethernet'
[02:26:32.196] [bmv2] [D] [thread 28494] [7.0] [cxt 0] Parser state 'start': key is 86dd
[02:26:32.196] [bmv2] [T] [thread 28494] [7.0] [cxt 0] Bytes parsed: 14
[02:26:32.196] [bmv2] [D] [thread 28494] [7.0] [cxt 0] Parser 'parser': end
[02:26:32.196] [bmv2] [D] [thread 28494] [7.0] [cxt 0] Pipeline 'ingress': start
[02:26:32.196] [bmv2] [T] [thread 28494] [7.0] [cxt 0] main.p4(114) Condition "hdr.ipv4.isValid()" (node_2) is false
[02:26:32.196] [bmv2] [D] [thread 28494] [7.0] [cxt 0] Pipeline 'ingress': end
[02:26:32.196] [bmv2] [D] [thread 28494] [7.0] [cxt 0] Egress port is 0
[02:26:32.197] [bmv2] [D] [thread 28495] [7.0] [cxt 0] Pipeline 'egress': start
[02:26:32.197] [bmv2] [D] [thread 28495] [7.0] [cxt 0] Pipeline 'egress': end
[02:26:32.197] [bmv2] [D] [thread 28495] [7.0] [cxt 0] Deparser 'deparser': start
[02:26:32.197] [bmv2] [T] [thread 28495] [7.0] [cxt 0] Skipping checksum 'cksum' update because condition not met
[02:26:32.197] [bmv2] [D] [thread 28495] [7.0] [cxt 0] Deparsing header 'ethernet'
[02:26:32.197] [bmv2] [D] [thread 28495] [7.0] [cxt 0] Deparser 'deparser': end
[02:26:32.197] [bmv2] [D] [thread 28499] [7.0] [cxt 0] Transmitting packet of size 70 out of port 0
[02:26:32.241] [bmv2] [D] [thread 28494] [8.0] [cxt 0] Processing packet received on port 3
[02:26:32.241] [bmv2] [D] [thread 28494] [8.0] [cxt 0] Parser 'parser': start
[02:26:32.241] [bmv2] [D] [thread 28494] [8.0] [cxt 0] Parser 'parser' entering state 'start'
[02:26:32.241] [bmv2] [D] [thread 28494] [8.0] [cxt 0] Extracting header 'ethernet'
[02:26:32.241] [bmv2] [D] [thread 28494] [8.0] [cxt 0] Parser state 'start': key is 86dd
[02:26:32.241] [bmv2] [T] [thread 28494] [8.0] [cxt 0] Bytes parsed: 14
[02:26:32.241] [bmv2] [D] [thread 28494] [8.0] [cxt 0] Parser 'parser': end
[02:26:32.241] [bmv2] [D] [thread 28494] [8.0] [cxt 0] Pipeline 'ingress': start
[02:26:32.241] [bmv2] [T] [thread 28494] [8.0] [cxt 0] main.p4(114) Condition "hdr.ipv4.isValid()" (node_2) is false
[02:26:32.241] [bmv2] [D] [thread 28494] [8.0] [cxt 0] Pipeline 'ingress': end
[02:26:32.241] [bmv2] [D] [thread 28494] [8.0] [cxt 0] Egress port is 0
[02:26:32.241] [bmv2] [D] [thread 28494] [9.0] [cxt 0] Processing packet received on port 3
[02:26:32.241] [bmv2] [D] [thread 28494] [9.0] [cxt 0] Parser 'parser': start
[02:26:32.241] [bmv2] [D] [thread 28494] [9.0] [cxt 0] Parser 'parser' entering state 'start'
[02:26:32.241] [bmv2] [D] [thread 28494] [9.0] [cxt 0] Extracting header 'ethernet'
[02:26:32.241] [bmv2] [D] [thread 28494] [9.0] [cxt 0] Parser state 'start': key is 86dd
[02:26:32.241] [bmv2] [T] [thread 28494] [9.0] [cxt 0] Bytes parsed: 14
[02:26:32.241] [bmv2] [D] [thread 28494] [9.0] [cxt 0] Parser 'parser': end
[02:26:32.241] [bmv2] [D] [thread 28494] [9.0] [cxt 0] Pipeline 'ingress': start
[02:26:32.241] [bmv2] [T] [thread 28494] [9.0] [cxt 0] main.p4(114) Condition "hdr.ipv4.isValid()" (node_2) is false
[02:26:32.241] [bmv2] [D] [thread 28494] [9.0] [cxt 0] Pipeline 'ingress': end
[02:26:32.241] [bmv2] [D] [thread 28494] [9.0] [cxt 0] Egress port is 0
[02:26:32.241] [bmv2] [D] [thread 28495] [8.0] [cxt 0] Pipeline 'egress': start
[02:26:32.241] [bmv2] [D] [thread 28495] [8.0] [cxt 0] Pipeline 'egress': end
[02:26:32.241] [bmv2] [D] [thread 28495] [8.0] [cxt 0] Deparser 'deparser': start
[02:26:32.241] [bmv2] [T] [thread 28495] [8.0] [cxt 0] Skipping checksum 'cksum' update because condition not met
[02:26:32.241] [bmv2] [D] [thread 28495] [8.0] [cxt 0] Deparsing header 'ethernet'
[02:26:32.241] [bmv2] [D] [thread 28495] [8.0] [cxt 0] Deparser 'deparser': end
[02:26:32.241] [bmv2] [D] [thread 28495] [9.0] [cxt 0] Pipeline 'egress': start
[02:26:32.241] [bmv2] [D] [thread 28495] [9.0] [cxt 0] Pipeline 'egress': end
[02:26:32.241] [bmv2] [D] [thread 28495] [9.0] [cxt 0] Deparser 'deparser': start
[02:26:32.241] [bmv2] [T] [thread 28495] [9.0] [cxt 0] Skipping checksum 'cksum' update because condition not met
[02:26:32.241] [bmv2] [D] [thread 28495] [9.0] [cxt 0] Deparsing header 'ethernet'
[02:26:32.241] [bmv2] [D] [thread 28495] [9.0] [cxt 0] Deparser 'deparser': end
[02:26:32.241] [bmv2] [D] [thread 28499] [8.0] [cxt 0] Transmitting packet of size 90 out of port 0
[02:26:32.241] [bmv2] [D] [thread 28499] [9.0] [cxt 0] Transmitting packet of size 70 out of port 0
[02:26:32.310] [bmv2] [D] [thread 28494] [10.0] [cxt 0] Processing packet received on port 2
[02:26:32.310] [bmv2] [D] [thread 28494] [10.0] [cxt 0] Parser 'parser': start
[02:26:32.310] [bmv2] [D] [thread 28494] [10.0] [cxt 0] Parser 'parser' entering state 'start'
[02:26:32.310] [bmv2] [D] [thread 28494] [10.0] [cxt 0] Extracting header 'ethernet'
[02:26:32.310] [bmv2] [D] [thread 28494] [10.0] [cxt 0] Parser state 'start': key is 86dd
[02:26:32.310] [bmv2] [T] [thread 28494] [10.0] [cxt 0] Bytes parsed: 14
[02:26:32.310] [bmv2] [D] [thread 28494] [10.0] [cxt 0] Parser 'parser': end
[02:26:32.310] [bmv2] [D] [thread 28494] [10.0] [cxt 0] Pipeline 'ingress': start
[02:26:32.310] [bmv2] [T] [thread 28494] [10.0] [cxt 0] main.p4(114) Condition "hdr.ipv4.isValid()" (node_2) is false
[02:26:32.310] [bmv2] [D] [thread 28494] [10.0] [cxt 0] Pipeline 'ingress': end
[02:26:32.310] [bmv2] [D] [thread 28494] [10.0] [cxt 0] Egress port is 0
[02:26:32.310] [bmv2] [D] [thread 28495] [10.0] [cxt 0] Pipeline 'egress': start
[02:26:32.310] [bmv2] [D] [thread 28495] [10.0] [cxt 0] Pipeline 'egress': end
[02:26:32.310] [bmv2] [D] [thread 28495] [10.0] [cxt 0] Deparser 'deparser': start
[02:26:32.310] [bmv2] [D] [thread 28494] [11.0] [cxt 0] Processing packet received on port 2
[02:26:32.311] [bmv2] [D] [thread 28494] [11.0] [cxt 0] Parser 'parser': start
[02:26:32.311] [bmv2] [D] [thread 28494] [11.0] [cxt 0] Parser 'parser' entering state 'start'
[02:26:32.311] [bmv2] [D] [thread 28494] [11.0] [cxt 0] Extracting header 'ethernet'
[02:26:32.311] [bmv2] [D] [thread 28494] [11.0] [cxt 0] Parser state 'start': key is 86dd
[02:26:32.311] [bmv2] [T] [thread 28494] [11.0] [cxt 0] Bytes parsed: 14
[02:26:32.311] [bmv2] [D] [thread 28494] [11.0] [cxt 0] Parser 'parser': end
[02:26:32.311] [bmv2] [D] [thread 28494] [11.0] [cxt 0] Pipeline 'ingress': start
[02:26:32.311] [bmv2] [T] [thread 28494] [11.0] [cxt 0] main.p4(114) Condition "hdr.ipv4.isValid()" (node_2) is false
[02:26:32.311] [bmv2] [D] [thread 28494] [11.0] [cxt 0] Pipeline 'ingress': end
[02:26:32.311] [bmv2] [D] [thread 28494] [11.0] [cxt 0] Egress port is 0
[02:26:32.311] [bmv2] [T] [thread 28495] [10.0] [cxt 0] Skipping checksum 'cksum' update because condition not met
[02:26:32.311] [bmv2] [D] [thread 28495] [10.0] [cxt 0] Deparsing header 'ethernet'
[02:26:32.311] [bmv2] [D] [thread 28495] [10.0] [cxt 0] Deparser 'deparser': end
[02:26:32.311] [bmv2] [D] [thread 28495] [11.0] [cxt 0] Pipeline 'egress': start
[02:26:32.311] [bmv2] [D] [thread 28495] [11.0] [cxt 0] Pipeline 'egress': end
[02:26:32.311] [bmv2] [D] [thread 28495] [11.0] [cxt 0] Deparser 'deparser': start
[02:26:32.311] [bmv2] [T] [thread 28495] [11.0] [cxt 0] Skipping checksum 'cksum' update because condition not met
[02:26:32.311] [bmv2] [D] [thread 28495] [11.0] [cxt 0] Deparsing header 'ethernet'
[02:26:32.311] [bmv2] [D] [thread 28495] [11.0] [cxt 0] Deparser 'deparser': end
[02:26:32.311] [bmv2] [D] [thread 28499] [10.0] [cxt 0] Transmitting packet of size 90 out of port 0
[02:26:32.311] [bmv2] [D] [thread 28499] [11.0] [cxt 0] Transmitting packet of size 70 out of port 0
[02:26:32.568] [bmv2] [D] [thread 28494] [12.0] [cxt 0] Processing packet received on port 3
[02:26:32.568] [bmv2] [D] [thread 28494] [12.0] [cxt 0] Parser 'parser': start
[02:26:32.568] [bmv2] [D] [thread 28494] [12.0] [cxt 0] Parser 'parser' entering state 'start'
[02:26:32.568] [bmv2] [D] [thread 28494] [12.0] [cxt 0] Extracting header 'ethernet'
[02:26:32.568] [bmv2] [D] [thread 28494] [12.0] [cxt 0] Parser state 'start': key is 86dd
[02:26:32.568] [bmv2] [T] [thread 28494] [12.0] [cxt 0] Bytes parsed: 14
[02:26:32.568] [bmv2] [D] [thread 28494] [12.0] [cxt 0] Parser 'parser': end
[02:26:32.568] [bmv2] [D] [thread 28494] [12.0] [cxt 0] Pipeline 'ingress': start
[02:26:32.568] [bmv2] [T] [thread 28494] [12.0] [cxt 0] main.p4(114) Condition "hdr.ipv4.isValid()" (node_2) is false
[02:26:32.568] [bmv2] [D] [thread 28494] [12.0] [cxt 0] Pipeline 'ingress': end
[02:26:32.568] [bmv2] [D] [thread 28494] [12.0] [cxt 0] Egress port is 0
[02:26:32.568] [bmv2] [D] [thread 28495] [12.0] [cxt 0] Pipeline 'egress': start
[02:26:32.568] [bmv2] [D] [thread 28495] [12.0] [cxt 0] Pipeline 'egress': end
[02:26:32.568] [bmv2] [D] [thread 28495] [12.0] [cxt 0] Deparser 'deparser': start
[02:26:32.568] [bmv2] [T] [thread 28495] [12.0] [cxt 0] Skipping checksum 'cksum' update because condition not met
[02:26:32.568] [bmv2] [D] [thread 28495] [12.0] [cxt 0] Deparsing header 'ethernet'
[02:26:32.568] [bmv2] [D] [thread 28495] [12.0] [cxt 0] Deparser 'deparser': end
[02:26:32.569] [bmv2] [D] [thread 28499] [12.0] [cxt 0] Transmitting packet of size 90 out of port 0
[02:26:32.826] [bmv2] [D] [thread 28494] [13.0] [cxt 0] Processing packet received on port 1
[02:26:32.826] [bmv2] [D] [thread 28494] [13.0] [cxt 0] Parser 'parser': start
[02:26:32.826] [bmv2] [D] [thread 28494] [13.0] [cxt 0] Parser 'parser' entering state 'start'
[02:26:32.826] [bmv2] [D] [thread 28494] [13.0] [cxt 0] Extracting header 'ethernet'
[02:26:32.826] [bmv2] [D] [thread 28494] [13.0] [cxt 0] Parser state 'start': key is 86dd
[02:26:32.826] [bmv2] [T] [thread 28494] [13.0] [cxt 0] Bytes parsed: 14
[02:26:32.826] [bmv2] [D] [thread 28494] [13.0] [cxt 0] Parser 'parser': end
[02:26:32.826] [bmv2] [D] [thread 28494] [13.0] [cxt 0] Pipeline 'ingress': start
[02:26:32.826] [bmv2] [T] [thread 28494] [13.0] [cxt 0] main.p4(114) Condition "hdr.ipv4.isValid()" (node_2) is false
[02:26:32.826] [bmv2] [D] [thread 28494] [13.0] [cxt 0] Pipeline 'ingress': end
[02:26:32.826] [bmv2] [D] [thread 28494] [13.0] [cxt 0] Egress port is 0
[02:26:32.827] [bmv2] [D] [thread 28495] [13.0] [cxt 0] Pipeline 'egress': start
[02:26:32.827] [bmv2] [D] [thread 28495] [13.0] [cxt 0] Pipeline 'egress': end
[02:26:32.827] [bmv2] [D] [thread 28495] [13.0] [cxt 0] Deparser 'deparser': start
[02:26:32.827] [bmv2] [T] [thread 28495] [13.0] [cxt 0] Skipping checksum 'cksum' update because condition not met
[02:26:32.827] [bmv2] [D] [thread 28495] [13.0] [cxt 0] Deparsing header 'ethernet'
[02:26:32.827] [bmv2] [D] [thread 28495] [13.0] [cxt 0] Deparser 'deparser': end
[02:26:32.827] [bmv2] [D] [thread 28499] [13.0] [cxt 0] Transmitting packet of size 90 out of port 0
[02:26:32.827] [bmv2] [D] [thread 28494] [14.0] [cxt 0] Processing packet received on port 1
[02:26:32.827] [bmv2] [D] [thread 28494] [14.0] [cxt 0] Parser 'parser': start
[02:26:32.827] [bmv2] [D] [thread 28494] [14.0] [cxt 0] Parser 'parser' entering state 'start'
[02:26:32.827] [bmv2] [D] [thread 28494] [14.0] [cxt 0] Extracting header 'ethernet'
[02:26:32.827] [bmv2] [D] [thread 28494] [14.0] [cxt 0] Parser state 'start': key is 86dd
[02:26:32.827] [bmv2] [T] [thread 28494] [14.0] [cxt 0] Bytes parsed: 14
[02:26:32.827] [bmv2] [D] [thread 28494] [14.0] [cxt 0] Parser 'parser': end
[02:26:32.827] [bmv2] [D] [thread 28494] [14.0] [cxt 0] Pipeline 'ingress': start
[02:26:32.827] [bmv2] [T] [thread 28494] [14.0] [cxt 0] main.p4(114) Condition "hdr.ipv4.isValid()" (node_2) is false
[02:26:32.827] [bmv2] [D] [thread 28494] [14.0] [cxt 0] Pipeline 'ingress': end
[02:26:32.827] [bmv2] [D] [thread 28494] [14.0] [cxt 0] Egress port is 0
[02:26:32.827] [bmv2] [D] [thread 28495] [14.0] [cxt 0] Pipeline 'egress': start
[02:26:32.828] [bmv2] [D] [thread 28495] [14.0] [cxt 0] Pipeline 'egress': end
[02:26:32.828] [bmv2] [D] [thread 28495] [14.0] [cxt 0] Deparser 'deparser': start
[02:26:32.828] [bmv2] [T] [thread 28495] [14.0] [cxt 0] Skipping checksum 'cksum' update because condition not met
[02:26:32.828] [bmv2] [D] [thread 28495] [14.0] [cxt 0] Deparsing header 'ethernet'
[02:26:32.828] [bmv2] [D] [thread 28495] [14.0] [cxt 0] Deparser 'deparser': end
[02:26:32.828] [bmv2] [D] [thread 28499] [14.0] [cxt 0] Transmitting packet of size 70 out of port 0
[02:26:32.886] [bmv2] [D] [thread 28494] [15.0] [cxt 0] Processing packet received on port 2
[02:26:32.886] [bmv2] [D] [thread 28494] [15.0] [cxt 0] Parser 'parser': start
[02:26:32.887] [bmv2] [D] [thread 28494] [15.0] [cxt 0] Parser 'parser' entering state 'start'
[02:26:32.887] [bmv2] [D] [thread 28494] [15.0] [cxt 0] Extracting header 'ethernet'
[02:26:32.887] [bmv2] [D] [thread 28494] [15.0] [cxt 0] Parser state 'start': key is 86dd
[02:26:32.887] [bmv2] [T] [thread 28494] [15.0] [cxt 0] Bytes parsed: 14
[02:26:32.887] [bmv2] [D] [thread 28494] [15.0] [cxt 0] Parser 'parser': end
[02:26:32.887] [bmv2] [D] [thread 28494] [15.0] [cxt 0] Pipeline 'ingress': start
[02:26:32.887] [bmv2] [T] [thread 28494] [15.0] [cxt 0] main.p4(114) Condition "hdr.ipv4.isValid()" (node_2) is false
[02:26:32.887] [bmv2] [D] [thread 28494] [15.0] [cxt 0] Pipeline 'ingress': end
[02:26:32.887] [bmv2] [D] [thread 28494] [15.0] [cxt 0] Egress port is 0
[02:26:32.887] [bmv2] [D] [thread 28494] [16.0] [cxt 0] Processing packet received on port 2
[02:26:32.887] [bmv2] [D] [thread 28494] [16.0] [cxt 0] Parser 'parser': start
[02:26:32.887] [bmv2] [D] [thread 28494] [16.0] [cxt 0] Parser 'parser' entering state 'start'
[02:26:32.887] [bmv2] [D] [thread 28494] [16.0] [cxt 0] Extracting header 'ethernet'
[02:26:32.887] [bmv2] [D] [thread 28494] [16.0] [cxt 0] Parser state 'start': key is 86dd
[02:26:32.887] [bmv2] [T] [thread 28494] [16.0] [cxt 0] Bytes parsed: 14
[02:26:32.887] [bmv2] [D] [thread 28495] [15.0] [cxt 0] Pipeline 'egress': start
[02:26:32.887] [bmv2] [D] [thread 28495] [15.0] [cxt 0] Pipeline 'egress': end
[02:26:32.887] [bmv2] [D] [thread 28495] [15.0] [cxt 0] Deparser 'deparser': start
[02:26:32.887] [bmv2] [T] [thread 28495] [15.0] [cxt 0] Skipping checksum 'cksum' update because condition not met
[02:26:32.887] [bmv2] [D] [thread 28495] [15.0] [cxt 0] Deparsing header 'ethernet'
[02:26:32.887] [bmv2] [D] [thread 28495] [15.0] [cxt 0] Deparser 'deparser': end
[02:26:32.887] [bmv2] [D] [thread 28494] [16.0] [cxt 0] Parser 'parser': end
[02:26:32.887] [bmv2] [D] [thread 28494] [16.0] [cxt 0] Pipeline 'ingress': start
[02:26:32.888] [bmv2] [D] [thread 28499] [15.0] [cxt 0] Transmitting packet of size 90 out of port 0
[02:26:32.888] [bmv2] [T] [thread 28494] [16.0] [cxt 0] main.p4(114) Condition "hdr.ipv4.isValid()" (node_2) is false
[02:26:32.888] [bmv2] [D] [thread 28494] [16.0] [cxt 0] Pipeline 'ingress': end
[02:26:32.888] [bmv2] [D] [thread 28494] [16.0] [cxt 0] Egress port is 0
[02:26:32.888] [bmv2] [D] [thread 28495] [16.0] [cxt 0] Pipeline 'egress': start
[02:26:32.888] [bmv2] [D] [thread 28495] [16.0] [cxt 0] Pipeline 'egress': end
[02:26:32.888] [bmv2] [D] [thread 28495] [16.0] [cxt 0] Deparser 'deparser': start
[02:26:32.888] [bmv2] [T] [thread 28495] [16.0] [cxt 0] Skipping checksum 'cksum' update because condition not met
[02:26:32.888] [bmv2] [D] [thread 28495] [16.0] [cxt 0] Deparsing header 'ethernet'
[02:26:32.888] [bmv2] [D] [thread 28495] [16.0] [cxt 0] Deparser 'deparser': end
[02:26:32.888] [bmv2] [D] [thread 28499] [16.0] [cxt 0] Transmitting packet of size 70 out of port 0
[02:26:33.119] [bmv2] [D] [thread 28494] [17.0] [cxt 0] Processing packet received on port 2
[02:26:33.120] [bmv2] [D] [thread 28494] [17.0] [cxt 0] Parser 'parser': start
[02:26:33.120] [bmv2] [D] [thread 28494] [17.0] [cxt 0] Parser 'parser' entering state 'start'
[02:26:33.120] [bmv2] [D] [thread 28494] [17.0] [cxt 0] Extracting header 'ethernet'
[02:26:33.120] [bmv2] [D] [thread 28494] [17.0] [cxt 0] Parser state 'start': key is 86dd
[02:26:33.120] [bmv2] [T] [thread 28494] [17.0] [cxt 0] Bytes parsed: 14
[02:26:33.120] [bmv2] [D] [thread 28494] [17.0] [cxt 0] Parser 'parser': end
[02:26:33.120] [bmv2] [D] [thread 28494] [17.0] [cxt 0] Pipeline 'ingress': start
[02:26:33.120] [bmv2] [T] [thread 28494] [17.0] [cxt 0] main.p4(114) Condition "hdr.ipv4.isValid()" (node_2) is false
[02:26:33.120] [bmv2] [D] [thread 28494] [17.0] [cxt 0] Pipeline 'ingress': end
[02:26:33.120] [bmv2] [D] [thread 28494] [17.0] [cxt 0] Egress port is 0
[02:26:33.120] [bmv2] [D] [thread 28495] [17.0] [cxt 0] Pipeline 'egress': start
[02:26:33.120] [bmv2] [D] [thread 28495] [17.0] [cxt 0] Pipeline 'egress': end
[02:26:33.120] [bmv2] [D] [thread 28495] [17.0] [cxt 0] Deparser 'deparser': start
[02:26:33.120] [bmv2] [T] [thread 28495] [17.0] [cxt 0] Skipping checksum 'cksum' update because condition not met
[02:26:33.120] [bmv2] [D] [thread 28495] [17.0] [cxt 0] Deparsing header 'ethernet'
[02:26:33.120] [bmv2] [D] [thread 28495] [17.0] [cxt 0] Deparser 'deparser': end
[02:26:33.120] [bmv2] [D] [thread 28499] [17.0] [cxt 0] Transmitting packet of size 90 out of port 0
[02:26:33.128] [bmv2] [D] [thread 28494] [18.0] [cxt 0] Processing packet received on port 3
[02:26:33.128] [bmv2] [D] [thread 28494] [18.0] [cxt 0] Parser 'parser': start
[02:26:33.128] [bmv2] [D] [thread 28494] [18.0] [cxt 0] Parser 'parser' entering state 'start'
[02:26:33.128] [bmv2] [D] [thread 28494] [18.0] [cxt 0] Extracting header 'ethernet'
[02:26:33.128] [bmv2] [D] [thread 28494] [18.0] [cxt 0] Parser state 'start': key is 86dd
[02:26:33.128] [bmv2] [T] [thread 28494] [18.0] [cxt 0] Bytes parsed: 14
[02:26:33.128] [bmv2] [D] [thread 28494] [18.0] [cxt 0] Parser 'parser': end
[02:26:33.128] [bmv2] [D] [thread 28494] [18.0] [cxt 0] Pipeline 'ingress': start
[02:26:33.128] [bmv2] [T] [thread 28494] [18.0] [cxt 0] main.p4(114) Condition "hdr.ipv4.isValid()" (node_2) is false
[02:26:33.128] [bmv2] [D] [thread 28494] [18.0] [cxt 0] Pipeline 'ingress': end
[02:26:33.128] [bmv2] [D] [thread 28494] [18.0] [cxt 0] Egress port is 0
[02:26:33.128] [bmv2] [D] [thread 28495] [18.0] [cxt 0] Pipeline 'egress': start
[02:26:33.128] [bmv2] [D] [thread 28495] [18.0] [cxt 0] Pipeline 'egress': end
[02:26:33.128] [bmv2] [D] [thread 28495] [18.0] [cxt 0] Deparser 'deparser': start
[02:26:33.128] [bmv2] [T] [thread 28495] [18.0] [cxt 0] Skipping checksum 'cksum' update because condition not met
[02:26:33.128] [bmv2] [D] [thread 28495] [18.0] [cxt 0] Deparsing header 'ethernet'
[02:26:33.128] [bmv2] [D] [thread 28495] [18.0] [cxt 0] Deparser 'deparser': end
[02:26:33.128] [bmv2] [D] [thread 28499] [18.0] [cxt 0] Transmitting packet of size 90 out of port 0
[02:26:33.167] [bmv2] [D] [thread 28494] [19.0] [cxt 0] Processing packet received on port 2
[02:26:33.167] [bmv2] [D] [thread 28494] [19.0] [cxt 0] Parser 'parser': start
[02:26:33.167] [bmv2] [D] [thread 28494] [19.0] [cxt 0] Parser 'parser' entering state 'start'
[02:26:33.167] [bmv2] [D] [thread 28494] [19.0] [cxt 0] Extracting header 'ethernet'
[02:26:33.168] [bmv2] [D] [thread 28494] [19.0] [cxt 0] Parser state 'start': key is 86dd
[02:26:33.168] [bmv2] [T] [thread 28494] [19.0] [cxt 0] Bytes parsed: 14
[02:26:33.168] [bmv2] [D] [thread 28494] [19.0] [cxt 0] Parser 'parser': end
[02:26:33.168] [bmv2] [D] [thread 28494] [19.0] [cxt 0] Pipeline 'ingress': start
[02:26:33.168] [bmv2] [T] [thread 28494] [19.0] [cxt 0] main.p4(114) Condition "hdr.ipv4.isValid()" (node_2) is false
[02:26:33.168] [bmv2] [D] [thread 28494] [19.0] [cxt 0] Pipeline 'ingress': end
[02:26:33.168] [bmv2] [D] [thread 28494] [19.0] [cxt 0] Egress port is 0
[02:26:33.168] [bmv2] [D] [thread 28495] [19.0] [cxt 0] Pipeline 'egress': start
[02:26:33.168] [bmv2] [D] [thread 28495] [19.0] [cxt 0] Pipeline 'egress': end
[02:26:33.168] [bmv2] [D] [thread 28495] [19.0] [cxt 0] Deparser 'deparser': start
[02:26:33.168] [bmv2] [T] [thread 28495] [19.0] [cxt 0] Skipping checksum 'cksum' update because condition not met
[02:26:33.168] [bmv2] [D] [thread 28495] [19.0] [cxt 0] Deparsing header 'ethernet'
[02:26:33.168] [bmv2] [D] [thread 28495] [19.0] [cxt 0] Deparser 'deparser': end
[02:26:33.168] [bmv2] [D] [thread 28499] [19.0] [cxt 0] Transmitting packet of size 90 out of port 0
[02:26:33.516] [bmv2] [D] [thread 28494] [20.0] [cxt 0] Processing packet received on port 1
[02:26:33.516] [bmv2] [D] [thread 28494] [20.0] [cxt 0] Parser 'parser': start
[02:26:33.516] [bmv2] [D] [thread 28494] [20.0] [cxt 0] Parser 'parser' entering state 'start'
[02:26:33.516] [bmv2] [D] [thread 28494] [20.0] [cxt 0] Extracting header 'ethernet'
[02:26:33.516] [bmv2] [D] [thread 28494] [20.0] [cxt 0] Parser state 'start': key is 86dd
[02:26:33.516] [bmv2] [T] [thread 28494] [20.0] [cxt 0] Bytes parsed: 14
[02:26:33.516] [bmv2] [D] [thread 28494] [20.0] [cxt 0] Parser 'parser': end
[02:26:33.516] [bmv2] [D] [thread 28494] [20.0] [cxt 0] Pipeline 'ingress': start
[02:26:33.516] [bmv2] [T] [thread 28494] [20.0] [cxt 0] main.p4(114) Condition "hdr.ipv4.isValid()" (node_2) is false
[02:26:33.516] [bmv2] [D] [thread 28494] [20.0] [cxt 0] Pipeline 'ingress': end
[02:26:33.516] [bmv2] [D] [thread 28494] [20.0] [cxt 0] Egress port is 0
[02:26:33.516] [bmv2] [D] [thread 28495] [20.0] [cxt 0] Pipeline 'egress': start
[02:26:33.516] [bmv2] [D] [thread 28495] [20.0] [cxt 0] Pipeline 'egress': end
[02:26:33.516] [bmv2] [D] [thread 28495] [20.0] [cxt 0] Deparser 'deparser': start
[02:26:33.516] [bmv2] [T] [thread 28495] [20.0] [cxt 0] Skipping checksum 'cksum' update because condition not met
[02:26:33.516] [bmv2] [D] [thread 28495] [20.0] [cxt 0] Deparsing header 'ethernet'
[02:26:33.517] [bmv2] [D] [thread 28495] [20.0] [cxt 0] Deparser 'deparser': end
[02:26:33.517] [bmv2] [D] [thread 28499] [20.0] [cxt 0] Transmitting packet of size 90 out of port 0
[02:26:36.208] [bmv2] [D] [thread 28494] [21.0] [cxt 0] Processing packet received on port 3
[02:26:36.208] [bmv2] [D] [thread 28494] [21.0] [cxt 0] Parser 'parser': start
[02:26:36.208] [bmv2] [D] [thread 28494] [21.0] [cxt 0] Parser 'parser' entering state 'start'
[02:26:36.208] [bmv2] [D] [thread 28494] [21.0] [cxt 0] Extracting header 'ethernet'
[02:26:36.208] [bmv2] [D] [thread 28494] [21.0] [cxt 0] Parser state 'start': key is 86dd
[02:26:36.208] [bmv2] [T] [thread 28494] [21.0] [cxt 0] Bytes parsed: 14
[02:26:36.208] [bmv2] [D] [thread 28494] [21.0] [cxt 0] Parser 'parser': end
[02:26:36.208] [bmv2] [D] [thread 28494] [21.0] [cxt 0] Pipeline 'ingress': start
[02:26:36.208] [bmv2] [T] [thread 28494] [21.0] [cxt 0] main.p4(114) Condition "hdr.ipv4.isValid()" (node_2) is false
[02:26:36.208] [bmv2] [D] [thread 28494] [21.0] [cxt 0] Pipeline 'ingress': end
[02:26:36.208] [bmv2] [D] [thread 28494] [21.0] [cxt 0] Egress port is 0
[02:26:36.209] [bmv2] [D] [thread 28495] [21.0] [cxt 0] Pipeline 'egress': start
[02:26:36.209] [bmv2] [D] [thread 28495] [21.0] [cxt 0] Pipeline 'egress': end
[02:26:36.209] [bmv2] [D] [thread 28495] [21.0] [cxt 0] Deparser 'deparser': start
[02:26:36.209] [bmv2] [T] [thread 28495] [21.0] [cxt 0] Skipping checksum 'cksum' update because condition not met
[02:26:36.209] [bmv2] [D] [thread 28495] [21.0] [cxt 0] Deparsing header 'ethernet'
[02:26:36.209] [bmv2] [D] [thread 28495] [21.0] [cxt 0] Deparser 'deparser': end
[02:26:36.209] [bmv2] [D] [thread 28499] [21.0] [cxt 0] Transmitting packet of size 70 out of port 0
[02:26:36.252] [bmv2] [D] [thread 28494] [22.0] [cxt 0] Processing packet received on port 3
[02:26:36.252] [bmv2] [D] [thread 28494] [22.0] [cxt 0] Parser 'parser': start
[02:26:36.252] [bmv2] [D] [thread 28494] [22.0] [cxt 0] Parser 'parser' entering state 'start'
[02:26:36.252] [bmv2] [D] [thread 28494] [22.0] [cxt 0] Extracting header 'ethernet'
[02:26:36.252] [bmv2] [D] [thread 28494] [22.0] [cxt 0] Parser state 'start': key is 86dd
[02:26:36.252] [bmv2] [T] [thread 28494] [22.0] [cxt 0] Bytes parsed: 14
[02:26:36.252] [bmv2] [D] [thread 28494] [22.0] [cxt 0] Parser 'parser': end
[02:26:36.252] [bmv2] [D] [thread 28494] [22.0] [cxt 0] Pipeline 'ingress': start
[02:26:36.252] [bmv2] [T] [thread 28494] [22.0] [cxt 0] main.p4(114) Condition "hdr.ipv4.isValid()" (node_2) is false
[02:26:36.252] [bmv2] [D] [thread 28494] [22.0] [cxt 0] Pipeline 'ingress': end
[02:26:36.252] [bmv2] [D] [thread 28494] [22.0] [cxt 0] Egress port is 0
[02:26:36.252] [bmv2] [D] [thread 28495] [22.0] [cxt 0] Pipeline 'egress': start
[02:26:36.252] [bmv2] [D] [thread 28495] [22.0] [cxt 0] Pipeline 'egress': end
[02:26:36.252] [bmv2] [D] [thread 28495] [22.0] [cxt 0] Deparser 'deparser': start
[02:26:36.252] [bmv2] [T] [thread 28495] [22.0] [cxt 0] Skipping checksum 'cksum' update because condition not met
[02:26:36.252] [bmv2] [D] [thread 28495] [22.0] [cxt 0] Deparsing header 'ethernet'
[02:26:36.252] [bmv2] [D] [thread 28495] [22.0] [cxt 0] Deparser 'deparser': end
[02:26:36.252] [bmv2] [D] [thread 28499] [22.0] [cxt 0] Transmitting packet of size 70 out of port 0
[02:26:36.315] [bmv2] [D] [thread 28494] [23.0] [cxt 0] Processing packet received on port 2
[02:26:36.316] [bmv2] [D] [thread 28494] [23.0] [cxt 0] Parser 'parser': start
[02:26:36.316] [bmv2] [D] [thread 28494] [23.0] [cxt 0] Parser 'parser' entering state 'start'
[02:26:36.316] [bmv2] [D] [thread 28494] [23.0] [cxt 0] Extracting header 'ethernet'
[02:26:36.316] [bmv2] [D] [thread 28494] [23.0] [cxt 0] Parser state 'start': key is 86dd
[02:26:36.316] [bmv2] [T] [thread 28494] [23.0] [cxt 0] Bytes parsed: 14
[02:26:36.316] [bmv2] [D] [thread 28494] [23.0] [cxt 0] Parser 'parser': end
[02:26:36.316] [bmv2] [D] [thread 28494] [23.0] [cxt 0] Pipeline 'ingress': start
[02:26:36.316] [bmv2] [T] [thread 28494] [23.0] [cxt 0] main.p4(114) Condition "hdr.ipv4.isValid()" (node_2) is false
[02:26:36.316] [bmv2] [D] [thread 28494] [23.0] [cxt 0] Pipeline 'ingress': end
[02:26:36.316] [bmv2] [D] [thread 28494] [23.0] [cxt 0] Egress port is 0
[02:26:36.316] [bmv2] [D] [thread 28495] [23.0] [cxt 0] Pipeline 'egress': start
[02:26:36.316] [bmv2] [D] [thread 28495] [23.0] [cxt 0] Pipeline 'egress': end
[02:26:36.316] [bmv2] [D] [thread 28495] [23.0] [cxt 0] Deparser 'deparser': start
[02:26:36.316] [bmv2] [T] [thread 28495] [23.0] [cxt 0] Skipping checksum 'cksum' update because condition not met
[02:26:36.316] [bmv2] [D] [thread 28495] [23.0] [cxt 0] Deparsing header 'ethernet'
[02:26:36.316] [bmv2] [D] [thread 28495] [23.0] [cxt 0] Deparser 'deparser': end
[02:26:36.316] [bmv2] [D] [thread 28499] [23.0] [cxt 0] Transmitting packet of size 70 out of port 0
[02:26:36.828] [bmv2] [D] [thread 28494] [24.0] [cxt 0] Processing packet received on port 1
[02:26:36.828] [bmv2] [D] [thread 28494] [24.0] [cxt 0] Parser 'parser': start
[02:26:36.828] [bmv2] [D] [thread 28494] [24.0] [cxt 0] Parser 'parser' entering state 'start'
[02:26:36.828] [bmv2] [D] [thread 28494] [24.0] [cxt 0] Extracting header 'ethernet'
[02:26:36.828] [bmv2] [D] [thread 28494] [24.0] [cxt 0] Parser state 'start': key is 86dd
[02:26:36.828] [bmv2] [T] [thread 28494] [24.0] [cxt 0] Bytes parsed: 14
[02:26:36.828] [bmv2] [D] [thread 28494] [24.0] [cxt 0] Parser 'parser': end
[02:26:36.828] [bmv2] [D] [thread 28494] [24.0] [cxt 0] Pipeline 'ingress': start
[02:26:36.828] [bmv2] [T] [thread 28494] [24.0] [cxt 0] main.p4(114) Condition "hdr.ipv4.isValid()" (node_2) is false
[02:26:36.828] [bmv2] [D] [thread 28494] [24.0] [cxt 0] Pipeline 'ingress': end
[02:26:36.828] [bmv2] [D] [thread 28494] [24.0] [cxt 0] Egress port is 0
[02:26:36.828] [bmv2] [D] [thread 28495] [24.0] [cxt 0] Pipeline 'egress': start
[02:26:36.828] [bmv2] [D] [thread 28495] [24.0] [cxt 0] Pipeline 'egress': end
[02:26:36.828] [bmv2] [D] [thread 28495] [24.0] [cxt 0] Deparser 'deparser': start
[02:26:36.828] [bmv2] [T] [thread 28495] [24.0] [cxt 0] Skipping checksum 'cksum' update because condition not met
[02:26:36.828] [bmv2] [D] [thread 28495] [24.0] [cxt 0] Deparsing header 'ethernet'
[02:26:36.828] [bmv2] [D] [thread 28495] [24.0] [cxt 0] Deparser 'deparser': end
[02:26:36.828] [bmv2] [D] [thread 28499] [24.0] [cxt 0] Transmitting packet of size 70 out of port 0
[02:26:36.891] [bmv2] [D] [thread 28494] [25.0] [cxt 0] Processing packet received on port 2
[02:26:36.891] [bmv2] [D] [thread 28494] [25.0] [cxt 0] Parser 'parser': start
[02:26:36.891] [bmv2] [D] [thread 28494] [25.0] [cxt 0] Parser 'parser' entering state 'start'
[02:26:36.891] [bmv2] [D] [thread 28494] [25.0] [cxt 0] Extracting header 'ethernet'
[02:26:36.891] [bmv2] [D] [thread 28494] [25.0] [cxt 0] Parser state 'start': key is 86dd
[02:26:36.892] [bmv2] [T] [thread 28494] [25.0] [cxt 0] Bytes parsed: 14
[02:26:36.892] [bmv2] [D] [thread 28494] [25.0] [cxt 0] Parser 'parser': end
[02:26:36.892] [bmv2] [D] [thread 28494] [25.0] [cxt 0] Pipeline 'ingress': start
[02:26:36.892] [bmv2] [T] [thread 28494] [25.0] [cxt 0] main.p4(114) Condition "hdr.ipv4.isValid()" (node_2) is false
[02:26:36.892] [bmv2] [D] [thread 28494] [25.0] [cxt 0] Pipeline 'ingress': end
[02:26:36.892] [bmv2] [D] [thread 28494] [25.0] [cxt 0] Egress port is 0
[02:26:36.892] [bmv2] [D] [thread 28495] [25.0] [cxt 0] Pipeline 'egress': start
[02:26:36.892] [bmv2] [D] [thread 28495] [25.0] [cxt 0] Pipeline 'egress': end
[02:26:36.892] [bmv2] [D] [thread 28495] [25.0] [cxt 0] Deparser 'deparser': start
[02:26:36.892] [bmv2] [T] [thread 28495] [25.0] [cxt 0] Skipping checksum 'cksum' update because condition not met
[02:26:36.892] [bmv2] [D] [thread 28495] [25.0] [cxt 0] Deparsing header 'ethernet'
[02:26:36.892] [bmv2] [D] [thread 28495] [25.0] [cxt 0] Deparser 'deparser': end
[02:26:36.892] [bmv2] [D] [thread 28499] [25.0] [cxt 0] Transmitting packet of size 70 out of port 0
[02:26:40.220] [bmv2] [D] [thread 28494] [26.0] [cxt 0] Processing packet received on port 3
[02:26:40.220] [bmv2] [D] [thread 28494] [26.0] [cxt 0] Parser 'parser': start
[02:26:40.220] [bmv2] [D] [thread 28494] [26.0] [cxt 0] Parser 'parser' entering state 'start'
[02:26:40.220] [bmv2] [D] [thread 28494] [26.0] [cxt 0] Extracting header 'ethernet'
[02:26:40.220] [bmv2] [D] [thread 28494] [26.0] [cxt 0] Parser state 'start': key is 86dd
[02:26:40.220] [bmv2] [T] [thread 28494] [26.0] [cxt 0] Bytes parsed: 14
[02:26:40.220] [bmv2] [D] [thread 28494] [26.0] [cxt 0] Parser 'parser': end
[02:26:40.220] [bmv2] [D] [thread 28494] [26.0] [cxt 0] Pipeline 'ingress': start
[02:26:40.220] [bmv2] [T] [thread 28494] [26.0] [cxt 0] main.p4(114) Condition "hdr.ipv4.isValid()" (node_2) is false
[02:26:40.220] [bmv2] [D] [thread 28494] [26.0] [cxt 0] Pipeline 'ingress': end
[02:26:40.220] [bmv2] [D] [thread 28494] [26.0] [cxt 0] Egress port is 0
[02:26:40.220] [bmv2] [D] [thread 28495] [26.0] [cxt 0] Pipeline 'egress': start
[02:26:40.220] [bmv2] [D] [thread 28495] [26.0] [cxt 0] Pipeline 'egress': end
[02:26:40.220] [bmv2] [D] [thread 28495] [26.0] [cxt 0] Deparser 'deparser': start
[02:26:40.220] [bmv2] [T] [thread 28495] [26.0] [cxt 0] Skipping checksum 'cksum' update because condition not met
[02:26:40.220] [bmv2] [D] [thread 28495] [26.0] [cxt 0] Deparsing header 'ethernet'
[02:26:40.220] [bmv2] [D] [thread 28495] [26.0] [cxt 0] Deparser 'deparser': end
[02:26:40.220] [bmv2] [D] [thread 28499] [26.0] [cxt 0] Transmitting packet of size 70 out of port 0
[02:26:40.262] [bmv2] [D] [thread 28494] [27.0] [cxt 0] Processing packet received on port 3
[02:26:40.262] [bmv2] [D] [thread 28494] [27.0] [cxt 0] Parser 'parser': start
[02:26:40.262] [bmv2] [D] [thread 28494] [27.0] [cxt 0] Parser 'parser' entering state 'start'
[02:26:40.262] [bmv2] [D] [thread 28494] [27.0] [cxt 0] Extracting header 'ethernet'
[02:26:40.262] [bmv2] [D] [thread 28494] [27.0] [cxt 0] Parser state 'start': key is 86dd
[02:26:40.262] [bmv2] [T] [thread 28494] [27.0] [cxt 0] Bytes parsed: 14
[02:26:40.262] [bmv2] [D] [thread 28494] [27.0] [cxt 0] Parser 'parser': end
[02:26:40.263] [bmv2] [D] [thread 28494] [27.0] [cxt 0] Pipeline 'ingress': start
[02:26:40.263] [bmv2] [T] [thread 28494] [27.0] [cxt 0] main.p4(114) Condition "hdr.ipv4.isValid()" (node_2) is false
[02:26:40.263] [bmv2] [D] [thread 28494] [27.0] [cxt 0] Pipeline 'ingress': end
[02:26:40.263] [bmv2] [D] [thread 28494] [27.0] [cxt 0] Egress port is 0
[02:26:40.263] [bmv2] [D] [thread 28495] [27.0] [cxt 0] Pipeline 'egress': start
[02:26:40.263] [bmv2] [D] [thread 28495] [27.0] [cxt 0] Pipeline 'egress': end
[02:26:40.263] [bmv2] [D] [thread 28495] [27.0] [cxt 0] Deparser 'deparser': start
[02:26:40.263] [bmv2] [T] [thread 28495] [27.0] [cxt 0] Skipping checksum 'cksum' update because condition not met
[02:26:40.263] [bmv2] [D] [thread 28495] [27.0] [cxt 0] Deparsing header 'ethernet'
[02:26:40.263] [bmv2] [D] [thread 28495] [27.0] [cxt 0] Deparser 'deparser': end
[02:26:40.263] [bmv2] [D] [thread 28499] [27.0] [cxt 0] Transmitting packet of size 70 out of port 0
[02:26:40.329] [bmv2] [D] [thread 28494] [28.0] [cxt 0] Processing packet received on port 2
[02:26:40.329] [bmv2] [D] [thread 28494] [28.0] [cxt 0] Parser 'parser': start
[02:26:40.329] [bmv2] [D] [thread 28494] [28.0] [cxt 0] Parser 'parser' entering state 'start'
[02:26:40.329] [bmv2] [D] [thread 28494] [28.0] [cxt 0] Extracting header 'ethernet'
[02:26:40.330] [bmv2] [D] [thread 28494] [28.0] [cxt 0] Parser state 'start': key is 86dd
[02:26:40.330] [bmv2] [T] [thread 28494] [28.0] [cxt 0] Bytes parsed: 14
[02:26:40.330] [bmv2] [D] [thread 28494] [28.0] [cxt 0] Parser 'parser': end
[02:26:40.330] [bmv2] [D] [thread 28494] [28.0] [cxt 0] Pipeline 'ingress': start
[02:26:40.330] [bmv2] [T] [thread 28494] [28.0] [cxt 0] main.p4(114) Condition "hdr.ipv4.isValid()" (node_2) is false
[02:26:40.330] [bmv2] [D] [thread 28494] [28.0] [cxt 0] Pipeline 'ingress': end
[02:26:40.330] [bmv2] [D] [thread 28494] [28.0] [cxt 0] Egress port is 0
[02:26:40.330] [bmv2] [D] [thread 28495] [28.0] [cxt 0] Pipeline 'egress': start
[02:26:40.330] [bmv2] [D] [thread 28495] [28.0] [cxt 0] Pipeline 'egress': end
[02:26:40.330] [bmv2] [D] [thread 28495] [28.0] [cxt 0] Deparser 'deparser': start
[02:26:40.330] [bmv2] [T] [thread 28495] [28.0] [cxt 0] Skipping checksum 'cksum' update because condition not met
[02:26:40.330] [bmv2] [D] [thread 28495] [28.0] [cxt 0] Deparsing header 'ethernet'
[02:26:40.330] [bmv2] [D] [thread 28495] [28.0] [cxt 0] Deparser 'deparser': end
[02:26:40.330] [bmv2] [D] [thread 28499] [28.0] [cxt 0] Transmitting packet of size 70 out of port 0
[02:26:40.844] [bmv2] [D] [thread 28494] [29.0] [cxt 0] Processing packet received on port 1
[02:26:40.844] [bmv2] [D] [thread 28494] [29.0] [cxt 0] Parser 'parser': start
[02:26:40.844] [bmv2] [D] [thread 28494] [29.0] [cxt 0] Parser 'parser' entering state 'start'
[02:26:40.844] [bmv2] [D] [thread 28494] [29.0] [cxt 0] Extracting header 'ethernet'
[02:26:40.844] [bmv2] [D] [thread 28494] [29.0] [cxt 0] Parser state 'start': key is 86dd
[02:26:40.844] [bmv2] [T] [thread 28494] [29.0] [cxt 0] Bytes parsed: 14
[02:26:40.844] [bmv2] [D] [thread 28494] [29.0] [cxt 0] Parser 'parser': end
[02:26:40.844] [bmv2] [D] [thread 28494] [29.0] [cxt 0] Pipeline 'ingress': start
[02:26:40.844] [bmv2] [T] [thread 28494] [29.0] [cxt 0] main.p4(114) Condition "hdr.ipv4.isValid()" (node_2) is false
[02:26:40.844] [bmv2] [D] [thread 28494] [29.0] [cxt 0] Pipeline 'ingress': end
[02:26:40.844] [bmv2] [D] [thread 28494] [29.0] [cxt 0] Egress port is 0
[02:26:40.844] [bmv2] [D] [thread 28495] [29.0] [cxt 0] Pipeline 'egress': start
[02:26:40.844] [bmv2] [D] [thread 28495] [29.0] [cxt 0] Pipeline 'egress': end
[02:26:40.844] [bmv2] [D] [thread 28495] [29.0] [cxt 0] Deparser 'deparser': start
[02:26:40.844] [bmv2] [T] [thread 28495] [29.0] [cxt 0] Skipping checksum 'cksum' update because condition not met
[02:26:40.844] [bmv2] [D] [thread 28495] [29.0] [cxt 0] Deparsing header 'ethernet'
[02:26:40.844] [bmv2] [D] [thread 28495] [29.0] [cxt 0] Deparser 'deparser': end
[02:26:40.844] [bmv2] [D] [thread 28499] [29.0] [cxt 0] Transmitting packet of size 70 out of port 0
[02:26:40.900] [bmv2] [D] [thread 28494] [30.0] [cxt 0] Processing packet received on port 2
[02:26:40.900] [bmv2] [D] [thread 28494] [30.0] [cxt 0] Parser 'parser': start
[02:26:40.900] [bmv2] [D] [thread 28494] [30.0] [cxt 0] Parser 'parser' entering state 'start'
[02:26:40.900] [bmv2] [D] [thread 28494] [30.0] [cxt 0] Extracting header 'ethernet'
[02:26:40.900] [bmv2] [D] [thread 28494] [30.0] [cxt 0] Parser state 'start': key is 86dd
[02:26:40.900] [bmv2] [T] [thread 28494] [30.0] [cxt 0] Bytes parsed: 14
[02:26:40.900] [bmv2] [D] [thread 28494] [30.0] [cxt 0] Parser 'parser': end
[02:26:40.900] [bmv2] [D] [thread 28494] [30.0] [cxt 0] Pipeline 'ingress': start
[02:26:40.900] [bmv2] [T] [thread 28494] [30.0] [cxt 0] main.p4(114) Condition "hdr.ipv4.isValid()" (node_2) is false
[02:26:40.900] [bmv2] [D] [thread 28494] [30.0] [cxt 0] Pipeline 'ingress': end
[02:26:40.900] [bmv2] [D] [thread 28494] [30.0] [cxt 0] Egress port is 0
[02:26:40.900] [bmv2] [D] [thread 28495] [30.0] [cxt 0] Pipeline 'egress': start
[02:26:40.900] [bmv2] [D] [thread 28495] [30.0] [cxt 0] Pipeline 'egress': end
[02:26:40.900] [bmv2] [D] [thread 28495] [30.0] [cxt 0] Deparser 'deparser': start
[02:26:40.900] [bmv2] [T] [thread 28495] [30.0] [cxt 0] Skipping checksum 'cksum' update because condition not met
[02:26:40.900] [bmv2] [D] [thread 28495] [30.0] [cxt 0] Deparsing header 'ethernet'
[02:26:40.900] [bmv2] [D] [thread 28495] [30.0] [cxt 0] Deparser 'deparser': end
[02:26:40.900] [bmv2] [D] [thread 28499] [30.0] [cxt 0] Transmitting packet of size 70 out of port 0
New connection
P4Runtime SetForwardingPipelineConfig
[02:36:30.996] [bmv2] [W] [thread 28648] [P4Runtime] p4::tmp::P4DeviceConfig is deprecated
[02:36:30.997] [bmv2] [D] [thread 28648] Set default default entry for table 'MyIngress.ipv4_lpm': MyIngress.drop - 
Connection removed
New connection
P4Runtime SetForwardingPipelineConfig
[05:24:33.374] [bmv2] [W] [thread 28490] [P4Runtime] p4::tmp::P4DeviceConfig is deprecated
[05:24:33.374] [bmv2] [D] [thread 28490] Set default default entry for table 'MyIngress.ipv4_lpm': MyIngress.drop - 
open: No such file or directory
