Calling target program-options parser
[02:26:31.652] [bmv2] [D] [thread 28501] Set default default entry for table 'MyIngress.ipv4_lpm': MyIngress.drop - 
Adding interface s2-eth1 as port 1
[02:26:31.652] [bmv2] [D] [thread 28501] Adding interface s2-eth1 as port 1
Adding interface s2-eth2 as port 2
[02:26:31.704] [bmv2] [D] [thread 28501] Adding interface s2-eth2 as port 2
Adding interface s2-eth3 as port 3
[02:26:31.784] [bmv2] [D] [thread 28501] Adding interface s2-eth3 as port 3
I0630 02:26:31.808263497   28501 server_builder.cc:247]      Synchronous server. Num CQs: 1, Min pollers: 1, Max Pollers: 2147483647, CQ timeout (msec): 1000
Server listening on 0.0.0.0:50052
[02:26:31.814] [bmv2] [I] [thread 28501] Starting Thrift server on port 9091
[02:26:31.815] [bmv2] [I] [thread 28501] Thrift server was started
[02:26:31.816] [bmv2] [D] [thread 28508] [0.0] [cxt 0] Processing packet received on port 1
[02:26:31.816] [bmv2] [D] [thread 28508] [0.0] [cxt 0] Parser 'parser': start
[02:26:31.816] [bmv2] [D] [thread 28508] [0.0] [cxt 0] Parser 'parser' entering state 'start'
[02:26:31.816] [bmv2] [D] [thread 28508] [0.0] [cxt 0] Extracting header 'ethernet'
[02:26:31.816] [bmv2] [D] [thread 28508] [0.0] [cxt 0] Parser state 'start': key is 86dd
[02:26:31.816] [bmv2] [T] [thread 28508] [0.0] [cxt 0] Bytes parsed: 14
[02:26:31.817] [bmv2] [D] [thread 28508] [0.0] [cxt 0] Parser 'parser': end
[02:26:31.817] [bmv2] [D] [thread 28508] [0.0] [cxt 0] Pipeline 'ingress': start
[02:26:31.817] [bmv2] [T] [thread 28508] [0.0] [cxt 0] main.p4(114) Condition "hdr.ipv4.isValid()" (node_2) is false
[02:26:31.817] [bmv2] [D] [thread 28508] [0.0] [cxt 0] Pipeline 'ingress': end
[02:26:31.817] [bmv2] [D] [thread 28508] [0.0] [cxt 0] Egress port is 0
[02:26:31.817] [bmv2] [D] [thread 28509] [0.0] [cxt 0] Pipeline 'egress': start
[02:26:31.817] [bmv2] [D] [thread 28509] [0.0] [cxt 0] Pipeline 'egress': end
[02:26:31.817] [bmv2] [D] [thread 28509] [0.0] [cxt 0] Deparser 'deparser': start
[02:26:31.817] [bmv2] [T] [thread 28509] [0.0] [cxt 0] Skipping checksum 'cksum' update because condition not met
[02:26:31.817] [bmv2] [D] [thread 28509] [0.0] [cxt 0] Deparsing header 'ethernet'
[02:26:31.817] [bmv2] [D] [thread 28509] [0.0] [cxt 0] Deparser 'deparser': end
[02:26:31.817] [bmv2] [D] [thread 28513] [0.0] [cxt 0] Transmitting packet of size 78 out of port 0
[02:26:31.884] [bmv2] [D] [thread 28508] [1.0] [cxt 0] Processing packet received on port 2
[02:26:31.884] [bmv2] [D] [thread 28508] [1.0] [cxt 0] Parser 'parser': start
[02:26:31.884] [bmv2] [D] [thread 28508] [1.0] [cxt 0] Parser 'parser' entering state 'start'
[02:26:31.884] [bmv2] [D] [thread 28508] [1.0] [cxt 0] Extracting header 'ethernet'
[02:26:31.884] [bmv2] [D] [thread 28508] [1.0] [cxt 0] Parser state 'start': key is 86dd
[02:26:31.884] [bmv2] [T] [thread 28508] [1.0] [cxt 0] Bytes parsed: 14
[02:26:31.884] [bmv2] [D] [thread 28508] [1.0] [cxt 0] Parser 'parser': end
[02:26:31.884] [bmv2] [D] [thread 28508] [1.0] [cxt 0] Pipeline 'ingress': start
[02:26:31.884] [bmv2] [T] [thread 28508] [1.0] [cxt 0] main.p4(114) Condition "hdr.ipv4.isValid()" (node_2) is false
[02:26:31.884] [bmv2] [D] [thread 28508] [1.0] [cxt 0] Pipeline 'ingress': end
[02:26:31.884] [bmv2] [D] [thread 28508] [1.0] [cxt 0] Egress port is 0
[02:26:31.884] [bmv2] [D] [thread 28509] [1.0] [cxt 0] Pipeline 'egress': start
[02:26:31.884] [bmv2] [D] [thread 28509] [1.0] [cxt 0] Pipeline 'egress': end
[02:26:31.884] [bmv2] [D] [thread 28509] [1.0] [cxt 0] Deparser 'deparser': start
[02:26:31.884] [bmv2] [T] [thread 28509] [1.0] [cxt 0] Skipping checksum 'cksum' update because condition not met
[02:26:31.884] [bmv2] [D] [thread 28509] [1.0] [cxt 0] Deparsing header 'ethernet'
[02:26:31.884] [bmv2] [D] [thread 28509] [1.0] [cxt 0] Deparser 'deparser': end
[02:26:31.884] [bmv2] [D] [thread 28513] [1.0] [cxt 0] Transmitting packet of size 78 out of port 0
[02:26:31.908] [bmv2] [D] [thread 28508] [2.0] [cxt 0] Processing packet received on port 3
[02:26:31.908] [bmv2] [D] [thread 28508] [2.0] [cxt 0] Parser 'parser': start
[02:26:31.908] [bmv2] [D] [thread 28508] [2.0] [cxt 0] Parser 'parser' entering state 'start'
[02:26:31.908] [bmv2] [D] [thread 28508] [2.0] [cxt 0] Extracting header 'ethernet'
[02:26:31.908] [bmv2] [D] [thread 28508] [2.0] [cxt 0] Parser state 'start': key is 86dd
[02:26:31.908] [bmv2] [T] [thread 28508] [2.0] [cxt 0] Bytes parsed: 14
[02:26:31.908] [bmv2] [D] [thread 28508] [2.0] [cxt 0] Parser 'parser': end
[02:26:31.908] [bmv2] [D] [thread 28508] [2.0] [cxt 0] Pipeline 'ingress': start
[02:26:31.908] [bmv2] [T] [thread 28508] [2.0] [cxt 0] main.p4(114) Condition "hdr.ipv4.isValid()" (node_2) is false
[02:26:31.908] [bmv2] [D] [thread 28508] [2.0] [cxt 0] Pipeline 'ingress': end
[02:26:31.908] [bmv2] [D] [thread 28508] [2.0] [cxt 0] Egress port is 0
[02:26:31.908] [bmv2] [D] [thread 28509] [2.0] [cxt 0] Pipeline 'egress': start
[02:26:31.908] [bmv2] [D] [thread 28509] [2.0] [cxt 0] Pipeline 'egress': end
[02:26:31.908] [bmv2] [D] [thread 28509] [2.0] [cxt 0] Deparser 'deparser': start
[02:26:31.908] [bmv2] [T] [thread 28509] [2.0] [cxt 0] Skipping checksum 'cksum' update because condition not met
[02:26:31.908] [bmv2] [D] [thread 28509] [2.0] [cxt 0] Deparsing header 'ethernet'
[02:26:31.908] [bmv2] [D] [thread 28509] [2.0] [cxt 0] Deparser 'deparser': end
[02:26:31.908] [bmv2] [D] [thread 28513] [2.0] [cxt 0] Transmitting packet of size 90 out of port 0
[02:26:32.134] [bmv2] [D] [thread 28508] [3.0] [cxt 0] Processing packet received on port 3
[02:26:32.134] [bmv2] [D] [thread 28508] [3.0] [cxt 0] Parser 'parser': start
[02:26:32.134] [bmv2] [D] [thread 28508] [3.0] [cxt 0] Parser 'parser' entering state 'start'
[02:26:32.134] [bmv2] [D] [thread 28508] [3.0] [cxt 0] Extracting header 'ethernet'
[02:26:32.134] [bmv2] [D] [thread 28508] [3.0] [cxt 0] Parser state 'start': key is 86dd
[02:26:32.134] [bmv2] [T] [thread 28508] [3.0] [cxt 0] Bytes parsed: 14
[02:26:32.134] [bmv2] [D] [thread 28508] [3.0] [cxt 0] Parser 'parser': end
[02:26:32.134] [bmv2] [D] [thread 28508] [3.0] [cxt 0] Pipeline 'ingress': start
[02:26:32.134] [bmv2] [T] [thread 28508] [3.0] [cxt 0] main.p4(114) Condition "hdr.ipv4.isValid()" (node_2) is false
[02:26:32.134] [bmv2] [D] [thread 28508] [3.0] [cxt 0] Pipeline 'ingress': end
[02:26:32.134] [bmv2] [D] [thread 28508] [3.0] [cxt 0] Egress port is 0
[02:26:32.134] [bmv2] [D] [thread 28508] [4.0] [cxt 0] Processing packet received on port 3
[02:26:32.134] [bmv2] [D] [thread 28508] [4.0] [cxt 0] Parser 'parser': start
[02:26:32.134] [bmv2] [D] [thread 28508] [4.0] [cxt 0] Parser 'parser' entering state 'start'
[02:26:32.134] [bmv2] [D] [thread 28508] [4.0] [cxt 0] Extracting header 'ethernet'
[02:26:32.134] [bmv2] [D] [thread 28508] [4.0] [cxt 0] Parser state 'start': key is 86dd
[02:26:32.134] [bmv2] [T] [thread 28508] [4.0] [cxt 0] Bytes parsed: 14
[02:26:32.134] [bmv2] [D] [thread 28508] [4.0] [cxt 0] Parser 'parser': end
[02:26:32.134] [bmv2] [D] [thread 28508] [4.0] [cxt 0] Pipeline 'ingress': start
[02:26:32.134] [bmv2] [T] [thread 28508] [4.0] [cxt 0] main.p4(114) Condition "hdr.ipv4.isValid()" (node_2) is false
[02:26:32.134] [bmv2] [D] [thread 28508] [4.0] [cxt 0] Pipeline 'ingress': end
[02:26:32.134] [bmv2] [D] [thread 28508] [4.0] [cxt 0] Egress port is 0
[02:26:32.134] [bmv2] [D] [thread 28509] [3.0] [cxt 0] Pipeline 'egress': start
[02:26:32.135] [bmv2] [D] [thread 28509] [3.0] [cxt 0] Pipeline 'egress': end
[02:26:32.135] [bmv2] [D] [thread 28509] [3.0] [cxt 0] Deparser 'deparser': start
[02:26:32.135] [bmv2] [T] [thread 28509] [3.0] [cxt 0] Skipping checksum 'cksum' update because condition not met
[02:26:32.135] [bmv2] [D] [thread 28509] [3.0] [cxt 0] Deparsing header 'ethernet'
[02:26:32.135] [bmv2] [D] [thread 28509] [3.0] [cxt 0] Deparser 'deparser': end
[02:26:32.135] [bmv2] [D] [thread 28509] [4.0] [cxt 0] Pipeline 'egress': start
[02:26:32.135] [bmv2] [D] [thread 28509] [4.0] [cxt 0] Pipeline 'egress': end
[02:26:32.135] [bmv2] [D] [thread 28509] [4.0] [cxt 0] Deparser 'deparser': start
[02:26:32.135] [bmv2] [D] [thread 28513] [3.0] [cxt 0] Transmitting packet of size 90 out of port 0
[02:26:32.135] [bmv2] [T] [thread 28509] [4.0] [cxt 0] Skipping checksum 'cksum' update because condition not met
[02:26:32.135] [bmv2] [D] [thread 28509] [4.0] [cxt 0] Deparsing header 'ethernet'
[02:26:32.135] [bmv2] [D] [thread 28509] [4.0] [cxt 0] Deparser 'deparser': end
[02:26:32.135] [bmv2] [D] [thread 28513] [4.0] [cxt 0] Transmitting packet of size 70 out of port 0
[02:26:32.189] [bmv2] [D] [thread 28508] [5.0] [cxt 0] Processing packet received on port 3
[02:26:32.189] [bmv2] [D] [thread 28508] [5.0] [cxt 0] Parser 'parser': start
[02:26:32.189] [bmv2] [D] [thread 28508] [5.0] [cxt 0] Parser 'parser' entering state 'start'
[02:26:32.189] [bmv2] [D] [thread 28508] [5.0] [cxt 0] Extracting header 'ethernet'
[02:26:32.189] [bmv2] [D] [thread 28508] [5.0] [cxt 0] Parser state 'start': key is 86dd
[02:26:32.189] [bmv2] [T] [thread 28508] [5.0] [cxt 0] Bytes parsed: 14
[02:26:32.189] [bmv2] [D] [thread 28508] [5.0] [cxt 0] Parser 'parser': end
[02:26:32.189] [bmv2] [D] [thread 28508] [5.0] [cxt 0] Pipeline 'ingress': start
[02:26:32.189] [bmv2] [T] [thread 28508] [5.0] [cxt 0] main.p4(114) Condition "hdr.ipv4.isValid()" (node_2) is false
[02:26:32.189] [bmv2] [D] [thread 28508] [5.0] [cxt 0] Pipeline 'ingress': end
[02:26:32.189] [bmv2] [D] [thread 28508] [5.0] [cxt 0] Egress port is 0
[02:26:32.189] [bmv2] [D] [thread 28509] [5.0] [cxt 0] Pipeline 'egress': start
[02:26:32.189] [bmv2] [D] [thread 28509] [5.0] [cxt 0] Pipeline 'egress': end
[02:26:32.189] [bmv2] [D] [thread 28509] [5.0] [cxt 0] Deparser 'deparser': start
[02:26:32.189] [bmv2] [T] [thread 28509] [5.0] [cxt 0] Skipping checksum 'cksum' update because condition not met
[02:26:32.189] [bmv2] [D] [thread 28509] [5.0] [cxt 0] Deparsing header 'ethernet'
[02:26:32.189] [bmv2] [D] [thread 28509] [5.0] [cxt 0] Deparser 'deparser': end
[02:26:32.189] [bmv2] [D] [thread 28513] [5.0] [cxt 0] Transmitting packet of size 90 out of port 0
[02:26:32.311] [bmv2] [D] [thread 28508] [6.0] [cxt 0] Processing packet received on port 2
[02:26:32.311] [bmv2] [D] [thread 28508] [6.0] [cxt 0] Parser 'parser': start
[02:26:32.311] [bmv2] [D] [thread 28508] [6.0] [cxt 0] Parser 'parser' entering state 'start'
[02:26:32.311] [bmv2] [D] [thread 28508] [6.0] [cxt 0] Extracting header 'ethernet'
[02:26:32.311] [bmv2] [D] [thread 28508] [6.0] [cxt 0] Parser state 'start': key is 86dd
[02:26:32.311] [bmv2] [T] [thread 28508] [6.0] [cxt 0] Bytes parsed: 14
[02:26:32.311] [bmv2] [D] [thread 28508] [6.0] [cxt 0] Parser 'parser': end
[02:26:32.311] [bmv2] [D] [thread 28508] [6.0] [cxt 0] Pipeline 'ingress': start
[02:26:32.311] [bmv2] [T] [thread 28508] [6.0] [cxt 0] main.p4(114) Condition "hdr.ipv4.isValid()" (node_2) is false
[02:26:32.311] [bmv2] [D] [thread 28508] [6.0] [cxt 0] Pipeline 'ingress': end
[02:26:32.311] [bmv2] [D] [thread 28508] [6.0] [cxt 0] Egress port is 0
[02:26:32.311] [bmv2] [D] [thread 28508] [7.0] [cxt 0] Processing packet received on port 2
[02:26:32.311] [bmv2] [D] [thread 28508] [7.0] [cxt 0] Parser 'parser': start
[02:26:32.311] [bmv2] [D] [thread 28508] [7.0] [cxt 0] Parser 'parser' entering state 'start'
[02:26:32.311] [bmv2] [D] [thread 28508] [7.0] [cxt 0] Extracting header 'ethernet'
[02:26:32.311] [bmv2] [D] [thread 28508] [7.0] [cxt 0] Parser state 'start': key is 86dd
[02:26:32.311] [bmv2] [T] [thread 28508] [7.0] [cxt 0] Bytes parsed: 14
[02:26:32.311] [bmv2] [D] [thread 28508] [7.0] [cxt 0] Parser 'parser': end
[02:26:32.311] [bmv2] [D] [thread 28508] [7.0] [cxt 0] Pipeline 'ingress': start
[02:26:32.311] [bmv2] [T] [thread 28508] [7.0] [cxt 0] main.p4(114) Condition "hdr.ipv4.isValid()" (node_2) is false
[02:26:32.311] [bmv2] [D] [thread 28508] [7.0] [cxt 0] Pipeline 'ingress': end
[02:26:32.311] [bmv2] [D] [thread 28509] [6.0] [cxt 0] Pipeline 'egress': start
[02:26:32.311] [bmv2] [D] [thread 28509] [6.0] [cxt 0] Pipeline 'egress': end
[02:26:32.311] [bmv2] [D] [thread 28509] [6.0] [cxt 0] Deparser 'deparser': start
[02:26:32.311] [bmv2] [T] [thread 28509] [6.0] [cxt 0] Skipping checksum 'cksum' update because condition not met
[02:26:32.311] [bmv2] [D] [thread 28509] [6.0] [cxt 0] Deparsing header 'ethernet'
[02:26:32.311] [bmv2] [D] [thread 28509] [6.0] [cxt 0] Deparser 'deparser': end
[02:26:32.311] [bmv2] [D] [thread 28513] [6.0] [cxt 0] Transmitting packet of size 90 out of port 0
[02:26:32.311] [bmv2] [D] [thread 28508] [7.0] [cxt 0] Egress port is 0
[02:26:32.312] [bmv2] [D] [thread 28509] [7.0] [cxt 0] Pipeline 'egress': start
[02:26:32.312] [bmv2] [D] [thread 28509] [7.0] [cxt 0] Pipeline 'egress': end
[02:26:32.312] [bmv2] [D] [thread 28509] [7.0] [cxt 0] Deparser 'deparser': start
[02:26:32.312] [bmv2] [T] [thread 28509] [7.0] [cxt 0] Skipping checksum 'cksum' update because condition not met
[02:26:32.312] [bmv2] [D] [thread 28509] [7.0] [cxt 0] Deparsing header 'ethernet'
[02:26:32.312] [bmv2] [D] [thread 28509] [7.0] [cxt 0] Deparser 'deparser': end
[02:26:32.312] [bmv2] [D] [thread 28513] [7.0] [cxt 0] Transmitting packet of size 70 out of port 0
[02:26:32.690] [bmv2] [D] [thread 28508] [8.0] [cxt 0] Processing packet received on port 3
[02:26:32.690] [bmv2] [D] [thread 28508] [8.0] [cxt 0] Parser 'parser': start
[02:26:32.690] [bmv2] [D] [thread 28508] [8.0] [cxt 0] Parser 'parser' entering state 'start'
[02:26:32.690] [bmv2] [D] [thread 28508] [8.0] [cxt 0] Extracting header 'ethernet'
[02:26:32.690] [bmv2] [D] [thread 28508] [8.0] [cxt 0] Parser state 'start': key is 86dd
[02:26:32.690] [bmv2] [T] [thread 28508] [8.0] [cxt 0] Bytes parsed: 14
[02:26:32.690] [bmv2] [D] [thread 28508] [8.0] [cxt 0] Parser 'parser': end
[02:26:32.690] [bmv2] [D] [thread 28508] [8.0] [cxt 0] Pipeline 'ingress': start
[02:26:32.690] [bmv2] [T] [thread 28508] [8.0] [cxt 0] main.p4(114) Condition "hdr.ipv4.isValid()" (node_2) is false
[02:26:32.690] [bmv2] [D] [thread 28508] [8.0] [cxt 0] Pipeline 'ingress': end
[02:26:32.690] [bmv2] [D] [thread 28508] [8.0] [cxt 0] Egress port is 0
[02:26:32.690] [bmv2] [D] [thread 28508] [9.0] [cxt 0] Processing packet received on port 3
[02:26:32.690] [bmv2] [D] [thread 28508] [9.0] [cxt 0] Parser 'parser': start
[02:26:32.690] [bmv2] [D] [thread 28508] [9.0] [cxt 0] Parser 'parser' entering state 'start'
[02:26:32.690] [bmv2] [D] [thread 28508] [9.0] [cxt 0] Extracting header 'ethernet'
[02:26:32.690] [bmv2] [D] [thread 28508] [9.0] [cxt 0] Parser state 'start': key is 86dd
[02:26:32.690] [bmv2] [T] [thread 28508] [9.0] [cxt 0] Bytes parsed: 14
[02:26:32.690] [bmv2] [D] [thread 28508] [9.0] [cxt 0] Parser 'parser': end
[02:26:32.690] [bmv2] [D] [thread 28508] [9.0] [cxt 0] Pipeline 'ingress': start
[02:26:32.690] [bmv2] [T] [thread 28508] [9.0] [cxt 0] main.p4(114) Condition "hdr.ipv4.isValid()" (node_2) is false
[02:26:32.690] [bmv2] [D] [thread 28508] [9.0] [cxt 0] Pipeline 'ingress': end
[02:26:32.690] [bmv2] [D] [thread 28508] [9.0] [cxt 0] Egress port is 0
[02:26:32.692] [bmv2] [D] [thread 28509] [8.0] [cxt 0] Pipeline 'egress': start
[02:26:32.692] [bmv2] [D] [thread 28509] [8.0] [cxt 0] Pipeline 'egress': end
[02:26:32.692] [bmv2] [D] [thread 28509] [8.0] [cxt 0] Deparser 'deparser': start
[02:26:32.692] [bmv2] [T] [thread 28509] [8.0] [cxt 0] Skipping checksum 'cksum' update because condition not met
[02:26:32.692] [bmv2] [D] [thread 28509] [8.0] [cxt 0] Deparsing header 'ethernet'
[02:26:32.692] [bmv2] [D] [thread 28509] [8.0] [cxt 0] Deparser 'deparser': end
[02:26:32.692] [bmv2] [D] [thread 28509] [9.0] [cxt 0] Pipeline 'egress': start
[02:26:32.692] [bmv2] [D] [thread 28509] [9.0] [cxt 0] Pipeline 'egress': end
[02:26:32.692] [bmv2] [D] [thread 28513] [8.0] [cxt 0] Transmitting packet of size 90 out of port 0
[02:26:32.692] [bmv2] [D] [thread 28509] [9.0] [cxt 0] Deparser 'deparser': start
[02:26:32.692] [bmv2] [T] [thread 28509] [9.0] [cxt 0] Skipping checksum 'cksum' update because condition not met
[02:26:32.692] [bmv2] [D] [thread 28509] [9.0] [cxt 0] Deparsing header 'ethernet'
[02:26:32.692] [bmv2] [D] [thread 28509] [9.0] [cxt 0] Deparser 'deparser': end
[02:26:32.692] [bmv2] [D] [thread 28513] [9.0] [cxt 0] Transmitting packet of size 70 out of port 0
[02:26:32.794] [bmv2] [D] [thread 28508] [10.0] [cxt 0] Processing packet received on port 1
[02:26:32.794] [bmv2] [D] [thread 28508] [10.0] [cxt 0] Parser 'parser': start
[02:26:32.794] [bmv2] [D] [thread 28508] [10.0] [cxt 0] Parser 'parser' entering state 'start'
[02:26:32.794] [bmv2] [D] [thread 28508] [10.0] [cxt 0] Extracting header 'ethernet'
[02:26:32.794] [bmv2] [D] [thread 28508] [10.0] [cxt 0] Parser state 'start': key is 86dd
[02:26:32.794] [bmv2] [T] [thread 28508] [10.0] [cxt 0] Bytes parsed: 14
[02:26:32.794] [bmv2] [D] [thread 28508] [10.0] [cxt 0] Parser 'parser': end
[02:26:32.794] [bmv2] [D] [thread 28508] [10.0] [cxt 0] Pipeline 'ingress': start
[02:26:32.794] [bmv2] [T] [thread 28508] [10.0] [cxt 0] main.p4(114) Condition "hdr.ipv4.isValid()" (node_2) is false
[02:26:32.794] [bmv2] [D] [thread 28508] [10.0] [cxt 0] Pipeline 'ingress': end
[02:26:32.794] [bmv2] [D] [thread 28508] [10.0] [cxt 0] Egress port is 0
[02:26:32.794] [bmv2] [D] [thread 28508] [11.0] [cxt 0] Processing packet received on port 1
[02:26:32.794] [bmv2] [D] [thread 28508] [11.0] [cxt 0] Parser 'parser': start
[02:26:32.795] [bmv2] [D] [thread 28508] [11.0] [cxt 0] Parser 'parser' entering state 'start'
[02:26:32.795] [bmv2] [D] [thread 28508] [11.0] [cxt 0] Extracting header 'ethernet'
[02:26:32.795] [bmv2] [D] [thread 28508] [11.0] [cxt 0] Parser state 'start': key is 86dd
[02:26:32.795] [bmv2] [T] [thread 28508] [11.0] [cxt 0] Bytes parsed: 14
[02:26:32.795] [bmv2] [D] [thread 28508] [11.0] [cxt 0] Parser 'parser': end
[02:26:32.795] [bmv2] [D] [thread 28508] [11.0] [cxt 0] Pipeline 'ingress': start
[02:26:32.795] [bmv2] [T] [thread 28508] [11.0] [cxt 0] main.p4(114) Condition "hdr.ipv4.isValid()" (node_2) is false
[02:26:32.795] [bmv2] [D] [thread 28508] [11.0] [cxt 0] Pipeline 'ingress': end
[02:26:32.795] [bmv2] [D] [thread 28508] [11.0] [cxt 0] Egress port is 0
[02:26:32.795] [bmv2] [D] [thread 28509] [10.0] [cxt 0] Pipeline 'egress': start
[02:26:32.795] [bmv2] [D] [thread 28509] [10.0] [cxt 0] Pipeline 'egress': end
[02:26:32.795] [bmv2] [D] [thread 28509] [10.0] [cxt 0] Deparser 'deparser': start
[02:26:32.795] [bmv2] [T] [thread 28509] [10.0] [cxt 0] Skipping checksum 'cksum' update because condition not met
[02:26:32.795] [bmv2] [D] [thread 28509] [10.0] [cxt 0] Deparsing header 'ethernet'
[02:26:32.795] [bmv2] [D] [thread 28509] [10.0] [cxt 0] Deparser 'deparser': end
[02:26:32.795] [bmv2] [D] [thread 28513] [10.0] [cxt 0] Transmitting packet of size 90 out of port 0
[02:26:32.796] [bmv2] [D] [thread 28509] [11.0] [cxt 0] Pipeline 'egress': start
[02:26:32.796] [bmv2] [D] [thread 28509] [11.0] [cxt 0] Pipeline 'egress': end
[02:26:32.796] [bmv2] [D] [thread 28509] [11.0] [cxt 0] Deparser 'deparser': start
[02:26:32.796] [bmv2] [T] [thread 28509] [11.0] [cxt 0] Skipping checksum 'cksum' update because condition not met
[02:26:32.796] [bmv2] [D] [thread 28509] [11.0] [cxt 0] Deparsing header 'ethernet'
[02:26:32.796] [bmv2] [D] [thread 28509] [11.0] [cxt 0] Deparser 'deparser': end
[02:26:32.796] [bmv2] [D] [thread 28513] [11.0] [cxt 0] Transmitting packet of size 70 out of port 0
[02:26:32.885] [bmv2] [D] [thread 28508] [12.0] [cxt 0] Processing packet received on port 2
[02:26:32.885] [bmv2] [D] [thread 28508] [12.0] [cxt 0] Parser 'parser': start
[02:26:32.886] [bmv2] [D] [thread 28508] [12.0] [cxt 0] Parser 'parser' entering state 'start'
[02:26:32.886] [bmv2] [D] [thread 28508] [12.0] [cxt 0] Extracting header 'ethernet'
[02:26:32.886] [bmv2] [D] [thread 28508] [12.0] [cxt 0] Parser state 'start': key is 86dd
[02:26:32.886] [bmv2] [T] [thread 28508] [12.0] [cxt 0] Bytes parsed: 14
[02:26:32.886] [bmv2] [D] [thread 28508] [12.0] [cxt 0] Parser 'parser': end
[02:26:32.886] [bmv2] [D] [thread 28508] [12.0] [cxt 0] Pipeline 'ingress': start
[02:26:32.886] [bmv2] [T] [thread 28508] [12.0] [cxt 0] main.p4(114) Condition "hdr.ipv4.isValid()" (node_2) is false
[02:26:32.886] [bmv2] [D] [thread 28508] [12.0] [cxt 0] Pipeline 'ingress': end
[02:26:32.886] [bmv2] [D] [thread 28508] [12.0] [cxt 0] Egress port is 0
[02:26:32.886] [bmv2] [D] [thread 28508] [13.0] [cxt 0] Processing packet received on port 2
[02:26:32.886] [bmv2] [D] [thread 28508] [13.0] [cxt 0] Parser 'parser': start
[02:26:32.886] [bmv2] [D] [thread 28508] [13.0] [cxt 0] Parser 'parser' entering state 'start'
[02:26:32.886] [bmv2] [D] [thread 28508] [13.0] [cxt 0] Extracting header 'ethernet'
[02:26:32.886] [bmv2] [D] [thread 28508] [13.0] [cxt 0] Parser state 'start': key is 86dd
[02:26:32.886] [bmv2] [T] [thread 28508] [13.0] [cxt 0] Bytes parsed: 14
[02:26:32.886] [bmv2] [D] [thread 28508] [13.0] [cxt 0] Parser 'parser': end
[02:26:32.886] [bmv2] [D] [thread 28508] [13.0] [cxt 0] Pipeline 'ingress': start
[02:26:32.886] [bmv2] [T] [thread 28508] [13.0] [cxt 0] main.p4(114) Condition "hdr.ipv4.isValid()" (node_2) is false
[02:26:32.886] [bmv2] [D] [thread 28508] [13.0] [cxt 0] Pipeline 'ingress': end
[02:26:32.886] [bmv2] [D] [thread 28508] [13.0] [cxt 0] Egress port is 0
[02:26:32.886] [bmv2] [D] [thread 28509] [12.0] [cxt 0] Pipeline 'egress': start
[02:26:32.886] [bmv2] [D] [thread 28509] [12.0] [cxt 0] Pipeline 'egress': end
[02:26:32.886] [bmv2] [D] [thread 28509] [12.0] [cxt 0] Deparser 'deparser': start
[02:26:32.886] [bmv2] [T] [thread 28509] [12.0] [cxt 0] Skipping checksum 'cksum' update because condition not met
[02:26:32.886] [bmv2] [D] [thread 28509] [12.0] [cxt 0] Deparsing header 'ethernet'
[02:26:32.886] [bmv2] [D] [thread 28509] [12.0] [cxt 0] Deparser 'deparser': end
[02:26:32.887] [bmv2] [D] [thread 28509] [13.0] [cxt 0] Pipeline 'egress': start
[02:26:32.887] [bmv2] [D] [thread 28509] [13.0] [cxt 0] Pipeline 'egress': end
[02:26:32.887] [bmv2] [D] [thread 28509] [13.0] [cxt 0] Deparser 'deparser': start
[02:26:32.887] [bmv2] [T] [thread 28509] [13.0] [cxt 0] Skipping checksum 'cksum' update because condition not met
[02:26:32.887] [bmv2] [D] [thread 28509] [13.0] [cxt 0] Deparsing header 'ethernet'
[02:26:32.887] [bmv2] [D] [thread 28509] [13.0] [cxt 0] Deparser 'deparser': end
[02:26:32.887] [bmv2] [D] [thread 28513] [12.0] [cxt 0] Transmitting packet of size 90 out of port 0
[02:26:32.887] [bmv2] [D] [thread 28513] [13.0] [cxt 0] Transmitting packet of size 70 out of port 0
[02:26:33.120] [bmv2] [D] [thread 28508] [14.0] [cxt 0] Processing packet received on port 2
[02:26:33.120] [bmv2] [D] [thread 28508] [14.0] [cxt 0] Parser 'parser': start
[02:26:33.120] [bmv2] [D] [thread 28508] [14.0] [cxt 0] Parser 'parser' entering state 'start'
[02:26:33.120] [bmv2] [D] [thread 28508] [14.0] [cxt 0] Extracting header 'ethernet'
[02:26:33.120] [bmv2] [D] [thread 28508] [14.0] [cxt 0] Parser state 'start': key is 86dd
[02:26:33.120] [bmv2] [T] [thread 28508] [14.0] [cxt 0] Bytes parsed: 14
[02:26:33.120] [bmv2] [D] [thread 28508] [14.0] [cxt 0] Parser 'parser': end
[02:26:33.120] [bmv2] [D] [thread 28508] [14.0] [cxt 0] Pipeline 'ingress': start
[02:26:33.120] [bmv2] [T] [thread 28508] [14.0] [cxt 0] main.p4(114) Condition "hdr.ipv4.isValid()" (node_2) is false
[02:26:33.120] [bmv2] [D] [thread 28508] [14.0] [cxt 0] Pipeline 'ingress': end
[02:26:33.120] [bmv2] [D] [thread 28508] [14.0] [cxt 0] Egress port is 0
[02:26:33.120] [bmv2] [D] [thread 28509] [14.0] [cxt 0] Pipeline 'egress': start
[02:26:33.120] [bmv2] [D] [thread 28509] [14.0] [cxt 0] Pipeline 'egress': end
[02:26:33.120] [bmv2] [D] [thread 28509] [14.0] [cxt 0] Deparser 'deparser': start
[02:26:33.120] [bmv2] [T] [thread 28509] [14.0] [cxt 0] Skipping checksum 'cksum' update because condition not met
[02:26:33.120] [bmv2] [D] [thread 28509] [14.0] [cxt 0] Deparsing header 'ethernet'
[02:26:33.120] [bmv2] [D] [thread 28509] [14.0] [cxt 0] Deparser 'deparser': end
[02:26:33.120] [bmv2] [D] [thread 28513] [14.0] [cxt 0] Transmitting packet of size 90 out of port 0
[02:26:33.168] [bmv2] [D] [thread 28508] [15.0] [cxt 0] Processing packet received on port 2
[02:26:33.168] [bmv2] [D] [thread 28508] [15.0] [cxt 0] Parser 'parser': start
[02:26:33.168] [bmv2] [D] [thread 28508] [15.0] [cxt 0] Parser 'parser' entering state 'start'
[02:26:33.168] [bmv2] [D] [thread 28508] [15.0] [cxt 0] Extracting header 'ethernet'
[02:26:33.168] [bmv2] [D] [thread 28508] [15.0] [cxt 0] Parser state 'start': key is 86dd
[02:26:33.168] [bmv2] [T] [thread 28508] [15.0] [cxt 0] Bytes parsed: 14
[02:26:33.168] [bmv2] [D] [thread 28508] [15.0] [cxt 0] Parser 'parser': end
[02:26:33.168] [bmv2] [D] [thread 28508] [15.0] [cxt 0] Pipeline 'ingress': start
[02:26:33.168] [bmv2] [T] [thread 28508] [15.0] [cxt 0] main.p4(114) Condition "hdr.ipv4.isValid()" (node_2) is false
[02:26:33.168] [bmv2] [D] [thread 28508] [15.0] [cxt 0] Pipeline 'ingress': end
[02:26:33.168] [bmv2] [D] [thread 28508] [15.0] [cxt 0] Egress port is 0
[02:26:33.168] [bmv2] [D] [thread 28509] [15.0] [cxt 0] Pipeline 'egress': start
[02:26:33.168] [bmv2] [D] [thread 28509] [15.0] [cxt 0] Pipeline 'egress': end
[02:26:33.168] [bmv2] [D] [thread 28509] [15.0] [cxt 0] Deparser 'deparser': start
[02:26:33.168] [bmv2] [T] [thread 28509] [15.0] [cxt 0] Skipping checksum 'cksum' update because condition not met
[02:26:33.168] [bmv2] [D] [thread 28509] [15.0] [cxt 0] Deparsing header 'ethernet'
[02:26:33.168] [bmv2] [D] [thread 28509] [15.0] [cxt 0] Deparser 'deparser': end
[02:26:33.168] [bmv2] [D] [thread 28513] [15.0] [cxt 0] Transmitting packet of size 90 out of port 0
[02:26:33.247] [bmv2] [D] [thread 28508] [16.0] [cxt 0] Processing packet received on port 1
[02:26:33.247] [bmv2] [D] [thread 28508] [16.0] [cxt 0] Parser 'parser': start
[02:26:33.247] [bmv2] [D] [thread 28508] [16.0] [cxt 0] Parser 'parser' entering state 'start'
[02:26:33.247] [bmv2] [D] [thread 28508] [16.0] [cxt 0] Extracting header 'ethernet'
[02:26:33.247] [bmv2] [D] [thread 28508] [16.0] [cxt 0] Parser state 'start': key is 86dd
[02:26:33.247] [bmv2] [T] [thread 28508] [16.0] [cxt 0] Bytes parsed: 14
[02:26:33.248] [bmv2] [D] [thread 28508] [16.0] [cxt 0] Parser 'parser': end
[02:26:33.248] [bmv2] [D] [thread 28508] [16.0] [cxt 0] Pipeline 'ingress': start
[02:26:33.248] [bmv2] [T] [thread 28508] [16.0] [cxt 0] main.p4(114) Condition "hdr.ipv4.isValid()" (node_2) is false
[02:26:33.248] [bmv2] [D] [thread 28508] [16.0] [cxt 0] Pipeline 'ingress': end
[02:26:33.248] [bmv2] [D] [thread 28508] [16.0] [cxt 0] Egress port is 0
[02:26:33.248] [bmv2] [D] [thread 28509] [16.0] [cxt 0] Pipeline 'egress': start
[02:26:33.248] [bmv2] [D] [thread 28509] [16.0] [cxt 0] Pipeline 'egress': end
[02:26:33.248] [bmv2] [D] [thread 28509] [16.0] [cxt 0] Deparser 'deparser': start
[02:26:33.248] [bmv2] [T] [thread 28509] [16.0] [cxt 0] Skipping checksum 'cksum' update because condition not met
[02:26:33.248] [bmv2] [D] [thread 28509] [16.0] [cxt 0] Deparsing header 'ethernet'
[02:26:33.248] [bmv2] [D] [thread 28509] [16.0] [cxt 0] Deparser 'deparser': end
[02:26:33.248] [bmv2] [D] [thread 28513] [16.0] [cxt 0] Transmitting packet of size 90 out of port 0
[02:26:33.393] [bmv2] [D] [thread 28508] [17.0] [cxt 0] Processing packet received on port 3
[02:26:33.393] [bmv2] [D] [thread 28508] [17.0] [cxt 0] Parser 'parser': start
[02:26:33.393] [bmv2] [D] [thread 28508] [17.0] [cxt 0] Parser 'parser' entering state 'start'
[02:26:33.393] [bmv2] [D] [thread 28508] [17.0] [cxt 0] Extracting header 'ethernet'
[02:26:33.393] [bmv2] [D] [thread 28508] [17.0] [cxt 0] Parser state 'start': key is 86dd
[02:26:33.393] [bmv2] [T] [thread 28508] [17.0] [cxt 0] Bytes parsed: 14
[02:26:33.393] [bmv2] [D] [thread 28508] [17.0] [cxt 0] Parser 'parser': end
[02:26:33.393] [bmv2] [D] [thread 28508] [17.0] [cxt 0] Pipeline 'ingress': start
[02:26:33.393] [bmv2] [T] [thread 28508] [17.0] [cxt 0] main.p4(114) Condition "hdr.ipv4.isValid()" (node_2) is false
[02:26:33.393] [bmv2] [D] [thread 28508] [17.0] [cxt 0] Pipeline 'ingress': end
[02:26:33.393] [bmv2] [D] [thread 28508] [17.0] [cxt 0] Egress port is 0
[02:26:33.393] [bmv2] [D] [thread 28509] [17.0] [cxt 0] Pipeline 'egress': start
[02:26:33.393] [bmv2] [D] [thread 28509] [17.0] [cxt 0] Pipeline 'egress': end
[02:26:33.393] [bmv2] [D] [thread 28509] [17.0] [cxt 0] Deparser 'deparser': start
[02:26:33.393] [bmv2] [T] [thread 28509] [17.0] [cxt 0] Skipping checksum 'cksum' update because condition not met
[02:26:33.393] [bmv2] [D] [thread 28509] [17.0] [cxt 0] Deparsing header 'ethernet'
[02:26:33.393] [bmv2] [D] [thread 28509] [17.0] [cxt 0] Deparser 'deparser': end
[02:26:33.393] [bmv2] [D] [thread 28513] [17.0] [cxt 0] Transmitting packet of size 90 out of port 0
[02:26:36.140] [bmv2] [D] [thread 28508] [18.0] [cxt 0] Processing packet received on port 3
[02:26:36.140] [bmv2] [D] [thread 28508] [18.0] [cxt 0] Parser 'parser': start
[02:26:36.140] [bmv2] [D] [thread 28508] [18.0] [cxt 0] Parser 'parser' entering state 'start'
[02:26:36.140] [bmv2] [D] [thread 28508] [18.0] [cxt 0] Extracting header 'ethernet'
[02:26:36.140] [bmv2] [D] [thread 28508] [18.0] [cxt 0] Parser state 'start': key is 86dd
[02:26:36.140] [bmv2] [T] [thread 28508] [18.0] [cxt 0] Bytes parsed: 14
[02:26:36.140] [bmv2] [D] [thread 28508] [18.0] [cxt 0] Parser 'parser': end
[02:26:36.140] [bmv2] [D] [thread 28508] [18.0] [cxt 0] Pipeline 'ingress': start
[02:26:36.140] [bmv2] [T] [thread 28508] [18.0] [cxt 0] main.p4(114) Condition "hdr.ipv4.isValid()" (node_2) is false
[02:26:36.140] [bmv2] [D] [thread 28508] [18.0] [cxt 0] Pipeline 'ingress': end
[02:26:36.140] [bmv2] [D] [thread 28508] [18.0] [cxt 0] Egress port is 0
[02:26:36.140] [bmv2] [D] [thread 28509] [18.0] [cxt 0] Pipeline 'egress': start
[02:26:36.140] [bmv2] [D] [thread 28509] [18.0] [cxt 0] Pipeline 'egress': end
[02:26:36.140] [bmv2] [D] [thread 28509] [18.0] [cxt 0] Deparser 'deparser': start
[02:26:36.141] [bmv2] [T] [thread 28509] [18.0] [cxt 0] Skipping checksum 'cksum' update because condition not met
[02:26:36.141] [bmv2] [D] [thread 28509] [18.0] [cxt 0] Deparsing header 'ethernet'
[02:26:36.141] [bmv2] [D] [thread 28509] [18.0] [cxt 0] Deparser 'deparser': end
[02:26:36.141] [bmv2] [D] [thread 28513] [18.0] [cxt 0] Transmitting packet of size 70 out of port 0
[02:26:36.316] [bmv2] [D] [thread 28508] [19.0] [cxt 0] Processing packet received on port 2
[02:26:36.316] [bmv2] [D] [thread 28508] [19.0] [cxt 0] Parser 'parser': start
[02:26:36.316] [bmv2] [D] [thread 28508] [19.0] [cxt 0] Parser 'parser' entering state 'start'
[02:26:36.316] [bmv2] [D] [thread 28508] [19.0] [cxt 0] Extracting header 'ethernet'
[02:26:36.316] [bmv2] [D] [thread 28508] [19.0] [cxt 0] Parser state 'start': key is 86dd
[02:26:36.316] [bmv2] [T] [thread 28508] [19.0] [cxt 0] Bytes parsed: 14
[02:26:36.316] [bmv2] [D] [thread 28508] [19.0] [cxt 0] Parser 'parser': end
[02:26:36.316] [bmv2] [D] [thread 28508] [19.0] [cxt 0] Pipeline 'ingress': start
[02:26:36.316] [bmv2] [T] [thread 28508] [19.0] [cxt 0] main.p4(114) Condition "hdr.ipv4.isValid()" (node_2) is false
[02:26:36.316] [bmv2] [D] [thread 28508] [19.0] [cxt 0] Pipeline 'ingress': end
[02:26:36.316] [bmv2] [D] [thread 28508] [19.0] [cxt 0] Egress port is 0
[02:26:36.316] [bmv2] [D] [thread 28509] [19.0] [cxt 0] Pipeline 'egress': start
[02:26:36.316] [bmv2] [D] [thread 28509] [19.0] [cxt 0] Pipeline 'egress': end
[02:26:36.316] [bmv2] [D] [thread 28509] [19.0] [cxt 0] Deparser 'deparser': start
[02:26:36.316] [bmv2] [T] [thread 28509] [19.0] [cxt 0] Skipping checksum 'cksum' update because condition not met
[02:26:36.316] [bmv2] [D] [thread 28509] [19.0] [cxt 0] Deparsing header 'ethernet'
[02:26:36.316] [bmv2] [D] [thread 28509] [19.0] [cxt 0] Deparser 'deparser': end
[02:26:36.316] [bmv2] [D] [thread 28513] [19.0] [cxt 0] Transmitting packet of size 70 out of port 0
[02:26:36.699] [bmv2] [D] [thread 28508] [20.0] [cxt 0] Processing packet received on port 3
[02:26:36.700] [bmv2] [D] [thread 28508] [20.0] [cxt 0] Parser 'parser': start
[02:26:36.700] [bmv2] [D] [thread 28508] [20.0] [cxt 0] Parser 'parser' entering state 'start'
[02:26:36.700] [bmv2] [D] [thread 28508] [20.0] [cxt 0] Extracting header 'ethernet'
[02:26:36.700] [bmv2] [D] [thread 28508] [20.0] [cxt 0] Parser state 'start': key is 86dd
[02:26:36.700] [bmv2] [T] [thread 28508] [20.0] [cxt 0] Bytes parsed: 14
[02:26:36.700] [bmv2] [D] [thread 28508] [20.0] [cxt 0] Parser 'parser': end
[02:26:36.700] [bmv2] [D] [thread 28508] [20.0] [cxt 0] Pipeline 'ingress': start
[02:26:36.700] [bmv2] [T] [thread 28508] [20.0] [cxt 0] main.p4(114) Condition "hdr.ipv4.isValid()" (node_2) is false
[02:26:36.700] [bmv2] [D] [thread 28508] [20.0] [cxt 0] Pipeline 'ingress': end
[02:26:36.700] [bmv2] [D] [thread 28508] [20.0] [cxt 0] Egress port is 0
[02:26:36.700] [bmv2] [D] [thread 28509] [20.0] [cxt 0] Pipeline 'egress': start
[02:26:36.700] [bmv2] [D] [thread 28509] [20.0] [cxt 0] Pipeline 'egress': end
[02:26:36.700] [bmv2] [D] [thread 28509] [20.0] [cxt 0] Deparser 'deparser': start
[02:26:36.700] [bmv2] [T] [thread 28509] [20.0] [cxt 0] Skipping checksum 'cksum' update because condition not met
[02:26:36.700] [bmv2] [D] [thread 28509] [20.0] [cxt 0] Deparsing header 'ethernet'
[02:26:36.700] [bmv2] [D] [thread 28509] [20.0] [cxt 0] Deparser 'deparser': end
[02:26:36.700] [bmv2] [D] [thread 28513] [20.0] [cxt 0] Transmitting packet of size 70 out of port 0
[02:26:36.796] [bmv2] [D] [thread 28508] [21.0] [cxt 0] Processing packet received on port 1
[02:26:36.796] [bmv2] [D] [thread 28508] [21.0] [cxt 0] Parser 'parser': start
[02:26:36.796] [bmv2] [D] [thread 28508] [21.0] [cxt 0] Parser 'parser' entering state 'start'
[02:26:36.796] [bmv2] [D] [thread 28508] [21.0] [cxt 0] Extracting header 'ethernet'
[02:26:36.796] [bmv2] [D] [thread 28508] [21.0] [cxt 0] Parser state 'start': key is 86dd
[02:26:36.796] [bmv2] [T] [thread 28508] [21.0] [cxt 0] Bytes parsed: 14
[02:26:36.796] [bmv2] [D] [thread 28508] [21.0] [cxt 0] Parser 'parser': end
[02:26:36.796] [bmv2] [D] [thread 28508] [21.0] [cxt 0] Pipeline 'ingress': start
[02:26:36.796] [bmv2] [T] [thread 28508] [21.0] [cxt 0] main.p4(114) Condition "hdr.ipv4.isValid()" (node_2) is false
[02:26:36.796] [bmv2] [D] [thread 28508] [21.0] [cxt 0] Pipeline 'ingress': end
[02:26:36.796] [bmv2] [D] [thread 28508] [21.0] [cxt 0] Egress port is 0
[02:26:36.796] [bmv2] [D] [thread 28509] [21.0] [cxt 0] Pipeline 'egress': start
[02:26:36.796] [bmv2] [D] [thread 28509] [21.0] [cxt 0] Pipeline 'egress': end
[02:26:36.796] [bmv2] [D] [thread 28509] [21.0] [cxt 0] Deparser 'deparser': start
[02:26:36.796] [bmv2] [T] [thread 28509] [21.0] [cxt 0] Skipping checksum 'cksum' update because condition not met
[02:26:36.796] [bmv2] [D] [thread 28509] [21.0] [cxt 0] Deparsing header 'ethernet'
[02:26:36.796] [bmv2] [D] [thread 28509] [21.0] [cxt 0] Deparser 'deparser': end
[02:26:36.796] [bmv2] [D] [thread 28513] [21.0] [cxt 0] Transmitting packet of size 70 out of port 0
[02:26:36.892] [bmv2] [D] [thread 28508] [22.0] [cxt 0] Processing packet received on port 2
[02:26:36.892] [bmv2] [D] [thread 28508] [22.0] [cxt 0] Parser 'parser': start
[02:26:36.892] [bmv2] [D] [thread 28508] [22.0] [cxt 0] Parser 'parser' entering state 'start'
[02:26:36.892] [bmv2] [D] [thread 28508] [22.0] [cxt 0] Extracting header 'ethernet'
[02:26:36.892] [bmv2] [D] [thread 28508] [22.0] [cxt 0] Parser state 'start': key is 86dd
[02:26:36.892] [bmv2] [T] [thread 28508] [22.0] [cxt 0] Bytes parsed: 14
[02:26:36.892] [bmv2] [D] [thread 28508] [22.0] [cxt 0] Parser 'parser': end
[02:26:36.892] [bmv2] [D] [thread 28508] [22.0] [cxt 0] Pipeline 'ingress': start
[02:26:36.892] [bmv2] [T] [thread 28508] [22.0] [cxt 0] main.p4(114) Condition "hdr.ipv4.isValid()" (node_2) is false
[02:26:36.892] [bmv2] [D] [thread 28508] [22.0] [cxt 0] Pipeline 'ingress': end
[02:26:36.892] [bmv2] [D] [thread 28508] [22.0] [cxt 0] Egress port is 0
[02:26:36.892] [bmv2] [D] [thread 28509] [22.0] [cxt 0] Pipeline 'egress': start
[02:26:36.892] [bmv2] [D] [thread 28509] [22.0] [cxt 0] Pipeline 'egress': end
[02:26:36.892] [bmv2] [D] [thread 28509] [22.0] [cxt 0] Deparser 'deparser': start
[02:26:36.892] [bmv2] [T] [thread 28509] [22.0] [cxt 0] Skipping checksum 'cksum' update because condition not met
[02:26:36.892] [bmv2] [D] [thread 28509] [22.0] [cxt 0] Deparsing header 'ethernet'
[02:26:36.892] [bmv2] [D] [thread 28509] [22.0] [cxt 0] Deparser 'deparser': end
[02:26:36.892] [bmv2] [D] [thread 28513] [22.0] [cxt 0] Transmitting packet of size 70 out of port 0
[02:26:40.163] [bmv2] [D] [thread 28508] [23.0] [cxt 0] Processing packet received on port 3
[02:26:40.163] [bmv2] [D] [thread 28508] [23.0] [cxt 0] Parser 'parser': start
[02:26:40.163] [bmv2] [D] [thread 28508] [23.0] [cxt 0] Parser 'parser' entering state 'start'
[02:26:40.163] [bmv2] [D] [thread 28508] [23.0] [cxt 0] Extracting header 'ethernet'
[02:26:40.163] [bmv2] [D] [thread 28508] [23.0] [cxt 0] Parser state 'start': key is 86dd
[02:26:40.163] [bmv2] [T] [thread 28508] [23.0] [cxt 0] Bytes parsed: 14
[02:26:40.163] [bmv2] [D] [thread 28508] [23.0] [cxt 0] Parser 'parser': end
[02:26:40.164] [bmv2] [D] [thread 28508] [23.0] [cxt 0] Pipeline 'ingress': start
[02:26:40.164] [bmv2] [T] [thread 28508] [23.0] [cxt 0] main.p4(114) Condition "hdr.ipv4.isValid()" (node_2) is false
[02:26:40.164] [bmv2] [D] [thread 28508] [23.0] [cxt 0] Pipeline 'ingress': end
[02:26:40.164] [bmv2] [D] [thread 28508] [23.0] [cxt 0] Egress port is 0
[02:26:40.164] [bmv2] [D] [thread 28509] [23.0] [cxt 0] Pipeline 'egress': start
[02:26:40.164] [bmv2] [D] [thread 28509] [23.0] [cxt 0] Pipeline 'egress': end
[02:26:40.164] [bmv2] [D] [thread 28509] [23.0] [cxt 0] Deparser 'deparser': start
[02:26:40.164] [bmv2] [T] [thread 28509] [23.0] [cxt 0] Skipping checksum 'cksum' update because condition not met
[02:26:40.164] [bmv2] [D] [thread 28509] [23.0] [cxt 0] Deparsing header 'ethernet'
[02:26:40.164] [bmv2] [D] [thread 28509] [23.0] [cxt 0] Deparser 'deparser': end
[02:26:40.164] [bmv2] [D] [thread 28513] [23.0] [cxt 0] Transmitting packet of size 70 out of port 0
[02:26:40.329] [bmv2] [D] [thread 28508] [24.0] [cxt 0] Processing packet received on port 2
[02:26:40.329] [bmv2] [D] [thread 28508] [24.0] [cxt 0] Parser 'parser': start
[02:26:40.329] [bmv2] [D] [thread 28508] [24.0] [cxt 0] Parser 'parser' entering state 'start'
[02:26:40.329] [bmv2] [D] [thread 28508] [24.0] [cxt 0] Extracting header 'ethernet'
[02:26:40.329] [bmv2] [D] [thread 28508] [24.0] [cxt 0] Parser state 'start': key is 86dd
[02:26:40.329] [bmv2] [T] [thread 28508] [24.0] [cxt 0] Bytes parsed: 14
[02:26:40.329] [bmv2] [D] [thread 28508] [24.0] [cxt 0] Parser 'parser': end
[02:26:40.329] [bmv2] [D] [thread 28508] [24.0] [cxt 0] Pipeline 'ingress': start
[02:26:40.329] [bmv2] [T] [thread 28508] [24.0] [cxt 0] main.p4(114) Condition "hdr.ipv4.isValid()" (node_2) is false
[02:26:40.329] [bmv2] [D] [thread 28508] [24.0] [cxt 0] Pipeline 'ingress': end
[02:26:40.329] [bmv2] [D] [thread 28508] [24.0] [cxt 0] Egress port is 0
[02:26:40.330] [bmv2] [D] [thread 28509] [24.0] [cxt 0] Pipeline 'egress': start
[02:26:40.330] [bmv2] [D] [thread 28509] [24.0] [cxt 0] Pipeline 'egress': end
[02:26:40.330] [bmv2] [D] [thread 28509] [24.0] [cxt 0] Deparser 'deparser': start
[02:26:40.330] [bmv2] [T] [thread 28509] [24.0] [cxt 0] Skipping checksum 'cksum' update because condition not met
[02:26:40.330] [bmv2] [D] [thread 28509] [24.0] [cxt 0] Deparsing header 'ethernet'
[02:26:40.330] [bmv2] [D] [thread 28509] [24.0] [cxt 0] Deparser 'deparser': end
[02:26:40.330] [bmv2] [D] [thread 28513] [24.0] [cxt 0] Transmitting packet of size 70 out of port 0
[02:26:40.720] [bmv2] [D] [thread 28508] [25.0] [cxt 0] Processing packet received on port 3
[02:26:40.720] [bmv2] [D] [thread 28508] [25.0] [cxt 0] Parser 'parser': start
[02:26:40.720] [bmv2] [D] [thread 28508] [25.0] [cxt 0] Parser 'parser' entering state 'start'
[02:26:40.720] [bmv2] [D] [thread 28508] [25.0] [cxt 0] Extracting header 'ethernet'
[02:26:40.720] [bmv2] [D] [thread 28508] [25.0] [cxt 0] Parser state 'start': key is 86dd
[02:26:40.720] [bmv2] [T] [thread 28508] [25.0] [cxt 0] Bytes parsed: 14
[02:26:40.720] [bmv2] [D] [thread 28508] [25.0] [cxt 0] Parser 'parser': end
[02:26:40.720] [bmv2] [D] [thread 28508] [25.0] [cxt 0] Pipeline 'ingress': start
[02:26:40.720] [bmv2] [T] [thread 28508] [25.0] [cxt 0] main.p4(114) Condition "hdr.ipv4.isValid()" (node_2) is false
[02:26:40.720] [bmv2] [D] [thread 28508] [25.0] [cxt 0] Pipeline 'ingress': end
[02:26:40.720] [bmv2] [D] [thread 28508] [25.0] [cxt 0] Egress port is 0
[02:26:40.721] [bmv2] [D] [thread 28509] [25.0] [cxt 0] Pipeline 'egress': start
[02:26:40.721] [bmv2] [D] [thread 28509] [25.0] [cxt 0] Pipeline 'egress': end
[02:26:40.721] [bmv2] [D] [thread 28509] [25.0] [cxt 0] Deparser 'deparser': start
[02:26:40.721] [bmv2] [T] [thread 28509] [25.0] [cxt 0] Skipping checksum 'cksum' update because condition not met
[02:26:40.721] [bmv2] [D] [thread 28509] [25.0] [cxt 0] Deparsing header 'ethernet'
[02:26:40.721] [bmv2] [D] [thread 28509] [25.0] [cxt 0] Deparser 'deparser': end
[02:26:40.721] [bmv2] [D] [thread 28513] [25.0] [cxt 0] Transmitting packet of size 70 out of port 0
[02:26:40.810] [bmv2] [D] [thread 28508] [26.0] [cxt 0] Processing packet received on port 1
[02:26:40.810] [bmv2] [D] [thread 28508] [26.0] [cxt 0] Parser 'parser': start
[02:26:40.810] [bmv2] [D] [thread 28508] [26.0] [cxt 0] Parser 'parser' entering state 'start'
[02:26:40.810] [bmv2] [D] [thread 28508] [26.0] [cxt 0] Extracting header 'ethernet'
[02:26:40.810] [bmv2] [D] [thread 28508] [26.0] [cxt 0] Parser state 'start': key is 86dd
[02:26:40.810] [bmv2] [T] [thread 28508] [26.0] [cxt 0] Bytes parsed: 14
[02:26:40.810] [bmv2] [D] [thread 28508] [26.0] [cxt 0] Parser 'parser': end
[02:26:40.810] [bmv2] [D] [thread 28508] [26.0] [cxt 0] Pipeline 'ingress': start
[02:26:40.810] [bmv2] [T] [thread 28508] [26.0] [cxt 0] main.p4(114) Condition "hdr.ipv4.isValid()" (node_2) is false
[02:26:40.810] [bmv2] [D] [thread 28508] [26.0] [cxt 0] Pipeline 'ingress': end
[02:26:40.810] [bmv2] [D] [thread 28508] [26.0] [cxt 0] Egress port is 0
[02:26:40.810] [bmv2] [D] [thread 28509] [26.0] [cxt 0] Pipeline 'egress': start
[02:26:40.810] [bmv2] [D] [thread 28509] [26.0] [cxt 0] Pipeline 'egress': end
[02:26:40.810] [bmv2] [D] [thread 28509] [26.0] [cxt 0] Deparser 'deparser': start
[02:26:40.810] [bmv2] [T] [thread 28509] [26.0] [cxt 0] Skipping checksum 'cksum' update because condition not met
[02:26:40.810] [bmv2] [D] [thread 28509] [26.0] [cxt 0] Deparsing header 'ethernet'
[02:26:40.810] [bmv2] [D] [thread 28509] [26.0] [cxt 0] Deparser 'deparser': end
[02:26:40.810] [bmv2] [D] [thread 28513] [26.0] [cxt 0] Transmitting packet of size 70 out of port 0
[02:26:40.900] [bmv2] [D] [thread 28508] [27.0] [cxt 0] Processing packet received on port 2
[02:26:40.900] [bmv2] [D] [thread 28508] [27.0] [cxt 0] Parser 'parser': start
[02:26:40.900] [bmv2] [D] [thread 28508] [27.0] [cxt 0] Parser 'parser' entering state 'start'
[02:26:40.900] [bmv2] [D] [thread 28508] [27.0] [cxt 0] Extracting header 'ethernet'
[02:26:40.900] [bmv2] [D] [thread 28508] [27.0] [cxt 0] Parser state 'start': key is 86dd
[02:26:40.900] [bmv2] [T] [thread 28508] [27.0] [cxt 0] Bytes parsed: 14
[02:26:40.900] [bmv2] [D] [thread 28508] [27.0] [cxt 0] Parser 'parser': end
[02:26:40.900] [bmv2] [D] [thread 28508] [27.0] [cxt 0] Pipeline 'ingress': start
[02:26:40.900] [bmv2] [T] [thread 28508] [27.0] [cxt 0] main.p4(114) Condition "hdr.ipv4.isValid()" (node_2) is false
[02:26:40.900] [bmv2] [D] [thread 28508] [27.0] [cxt 0] Pipeline 'ingress': end
[02:26:40.900] [bmv2] [D] [thread 28508] [27.0] [cxt 0] Egress port is 0
[02:26:40.900] [bmv2] [D] [thread 28509] [27.0] [cxt 0] Pipeline 'egress': start
[02:26:40.900] [bmv2] [D] [thread 28509] [27.0] [cxt 0] Pipeline 'egress': end
[02:26:40.900] [bmv2] [D] [thread 28509] [27.0] [cxt 0] Deparser 'deparser': start
[02:26:40.900] [bmv2] [T] [thread 28509] [27.0] [cxt 0] Skipping checksum 'cksum' update because condition not met
[02:26:40.900] [bmv2] [D] [thread 28509] [27.0] [cxt 0] Deparsing header 'ethernet'
[02:26:40.900] [bmv2] [D] [thread 28509] [27.0] [cxt 0] Deparser 'deparser': end
[02:26:40.900] [bmv2] [D] [thread 28513] [27.0] [cxt 0] Transmitting packet of size 70 out of port 0
New connection
P4Runtime SetForwardingPipelineConfig
[02:36:30.999] [bmv2] [W] [thread 28650] [P4Runtime] p4::tmp::P4DeviceConfig is deprecated
[02:36:30.999] [bmv2] [D] [thread 28650] Set default default entry for table 'MyIngress.ipv4_lpm': MyIngress.drop - 
Connection removed
New connection
P4Runtime SetForwardingPipelineConfig
[05:24:33.375] [bmv2] [W] [thread 28504] [P4Runtime] p4::tmp::P4DeviceConfig is deprecated
[05:24:33.376] [bmv2] [D] [thread 28504] Set default default entry for table 'MyIngress.ipv4_lpm': MyIngress.drop - 
open: No such file or directory
open: No such file or directory
